19:12:20 INFO  : Launching XSDB server: xsdb.bat -s C:/Xilinx/SDK/2015.2/scripts/xsdb/xsdb/xsdb-server.tcl
19:12:21 INFO  : Processing command line option -hwspec C:/xup/embedded/lab10VGAdemoZSY/lab10VGAdemoZSY.sdk/lab10VGAdemoZSY_wrapper.hdf.
19:12:22 INFO  : XSDB server has started successfully.
19:29:41 INFO  : Launching XSDB server: xsdb.bat -s C:/Xilinx/SDK/2015.2/scripts/xsdb/xsdb/xsdb-server.tcl
19:29:42 INFO  : XSDB server has started successfully.
19:29:43 INFO  : Processing command line option -hwspec C:/xup/embedded/lab10VGAdemoZSY/lab10VGAdemoZSY.sdk/lab10VGAdemoZSY_wrapper.hdf.
19:29:44 INFO  : Checking for hwspec changes in the project lab10VGAdemoZSY_wrapper_hw_platform_0.
19:31:11 INFO  : Connected to target on host '127.0.0.1' and port '3121'.
19:31:11 INFO  : 'targets -set -filter {jtag_cable_name =~ "Digilent Zybo 210279758556A" && level==0} -index 1' command is executed.
19:31:12 INFO  : FPGA configured successfully with bitstream "C:/xup/embedded/lab10VGAdemoZSY/lab10VGAdemoZSY.sdk/lab10VGAdemoZSY_wrapper_hw_platform_0/lab10VGAdemoZSY_wrapper.bit"
19:31:39 INFO  : ps7_init is completed.
19:31:39 INFO  : ps7_post_config is completed.
19:31:40 INFO  : Processor reset is completed for ps7_cortexa9_0
19:32:20 ERROR : Unexpected error while parsing XMD response ?: com.google.gson.JsonSyntaxException: com.google.gson.stream.MalformedJsonException: invalid number or unquoted string near 
13:34:28 INFO  : Launching XSDB server: xsdb.bat -s C:/Xilinx/SDK/2015.2/scripts/xsdb/xsdb/xsdb-server.tcl
13:34:29 INFO  : XSDB server has started successfully.
13:34:30 INFO  : Processing command line option -hwspec C:/xup/embedded/lab10VGAdemoZSY/lab10VGAdemoZSY.sdk/lab10VGAdemoZSY_wrapper.hdf.
13:34:31 INFO  : Checking for hwspec changes in the project lab10VGAdemoZSY_wrapper_hw_platform_0.
13:35:01 INFO  : Connected to target on host '127.0.0.1' and port '3121'.
13:35:01 INFO  : 'targets -set -filter {jtag_cable_name =~ "Digilent Zybo 210279758556A" && level==0} -index 1' command is executed.
13:35:03 INFO  : FPGA configured successfully with bitstream "C:/xup/embedded/lab10VGAdemoZSY/lab10VGAdemoZSY.sdk/lab10VGAdemoZSY_wrapper_hw_platform_0/lab10VGAdemoZSY_wrapper.bit"
13:35:19 INFO  : ps7_init is completed.
13:35:19 INFO  : ps7_post_config is completed.
13:35:19 INFO  : Processor reset is completed for ps7_cortexa9_0
13:36:18 INFO  : ps7_cortexa9_0 Processor is in use. Please stop existing Run or Debug sessions before launching.
13:36:20 INFO  : Processor reset is completed for ps7_cortexa9_0
13:37:27 INFO  : ps7_cortexa9_0 Processor is in use. Please stop existing Run or Debug sessions before launching.
13:37:28 INFO  : Processor reset is completed for ps7_cortexa9_0
13:39:40 ERROR : Unexpected error while parsing XMD response ?: com.google.gson.JsonSyntaxException: com.google.gson.stream.MalformedJsonException: invalid number or unquoted string near 
