#
# A fatal error has been detected by the Java Runtime Environment:
#
#  EXCEPTION_ACCESS_VIOLATION (0xc0000005) at pc=0x0000000027896680, pid=8024, tid=8952
#
# JRE version: Java(TM) SE Runtime Environment (8.0_25-b18) (build 1.8.0_25-b18)
# Java VM: Java HotSpot(TM) 64-Bit Server VM (25.25-b02 mixed mode windows-amd64 compressed oops)
# Problematic frame:
# C  0x0000000027896680
#
# Failed to write core dump. Minidumps are not enabled by default on client versions of Windows
#
# If you would like to submit a bug report, please visit:
#   http://bugreport.sun.com/bugreport/crash.jsp
# The crash happened outside the Java Virtual Machine in native code.
# See problematic frame for where to report the bug.
#

---------------  T H R E A D  ---------------

Current thread (0x000000000476e800):  JavaThread "main" [_thread_in_native, id=8952, stack(0x0000000000050000,0x0000000000150000)]

siginfo: ExceptionCode=0xc0000005, ExceptionInformation=0x0000000000000008 0x0000000027896680

Registers:
RAX=0x000000002793f310, RBX=0x00000000024a5800, RCX=0x000000002793f310, RDX=0x00000000024a5828
RSP=0x000000000014a6f8, RBP=0x000000000014a8e0, RSI=0x000000000014a988, RDI=0x0000000000000000
R8 =0x000000000014a738, R9 =0x000000000014a728, R10=0x00000000001854c0, R11=0x000000000014a610
R12=0x000000002867e880, R13=0x0000000000000000, R14=0x0000000000000000, R15=0x0000000000000000
RIP=0x0000000027896680, EFLAGS=0x0000000000010206

Top of Stack: (sp=0x000000000014a6f8)
0x000000000014a6f8:   00007ffd12868174 0000000000000040
0x000000000014a708:   00000000284a8b60 ffff800316a479b8
0x000000000014a718:   00007ffd1294dac9 fffffffffffffffe
0x000000000014a728:   00000000284a8b60 0000000000000000
0x000000000014a738:   000000002885c250 0000000000000000
0x000000000014a748:   00007ffd12811945 00000000024a5800
0x000000000014a758:   00007ffd12866206 0000000000000000
0x000000000014a768:   000000000014a838 fffffffffffffffe
0x000000000014a778:   000000001963fee0 0000000000000001
0x000000000014a788:   0000000000000000 000000000000003e
0x000000000014a798:   fffffffffffffffe 000000000014a838
0x000000000014a7a8:   00007ffd12811c33 000000000014a838
0x000000000014a7b8:   000000000000003e 0000000000000000
0x000000000014a7c8:   000007433b6ad2a0 000000002678a000
0x000000000014a7d8:   00007ffd12838867 000000000014a800
0x000000000014a7e8:   000000000014a8e0 000000000014a800 

Instructions: (pc=0x0000000027896680)
0x0000000027896660:   00 41 44 44 52 00 00 00 00 00 00 00 00 00 00 00
0x0000000027896670:   00 00 00 00 00 00 00 00 e2 b4 29 45 00 58 00 80
0x0000000027896680:   80 66 89 27 00 00 00 00 80 66 89 27 00 00 00 00
0x0000000027896690:   6d 37 5f 30 5f 4d 5f 41 58 49 5f 47 50 30 5f 52 


Register to memory mapping:

RAX=0x000000002793f310 is an unknown value
RBX=0x00000000024a5800 is an unknown value
RCX=0x000000002793f310 is an unknown value
RDX=0x00000000024a5828 is an unknown value
RSP=0x000000000014a6f8 is pointing into the stack for thread: 0x000000000476e800
RBP=0x000000000014a8e0 is pointing into the stack for thread: 0x000000000476e800
RSI=0x000000000014a988 is pointing into the stack for thread: 0x000000000476e800
RDI=0x0000000000000000 is an unknown value
R8 =0x000000000014a738 is pointing into the stack for thread: 0x000000000476e800
R9 =0x000000000014a728 is pointing into the stack for thread: 0x000000000476e800
R10=0x00000000001854c0 is an unknown value
R11=0x000000000014a610 is pointing into the stack for thread: 0x000000000476e800
R12=0x000000002867e880 is an unknown value
R13=0x0000000000000000 is an unknown value
R14=0x0000000000000000 is an unknown value
R15=0x0000000000000000 is an unknown value


Stack: [0x0000000000050000,0x0000000000150000],  sp=0x000000000014a6f8,  free space=1001k
Native frames: (J=compiled Java code, j=interpreted, Vv=VM code, C=native code)
C  0x0000000027896680

Java frames: (J=compiled Java code, j=interpreted, Vv=VM code)
j  com.xilinx.sdk.appwiz.internal.AppGen$AppGenJni.generateApp(Ljava/lang/String;Ljava/lang/String;Ljava/lang/String;Ljava/lang/String;Ljava/lang/String;Ljava/lang/StringBuffer;)Ljava/lang/String;+0
j  com.xilinx.sdk.appwiz.internal.AppGen.generate(Ljava/lang/String;Ljava/lang/String;Ljava/lang/String;Ljava/lang/String;)Ljava/lang/String;+90
j  com.xilinx.sdk.appwiz.core.StandaloneProjectHandler.createCoreApp(Lorg/eclipse/core/runtime/IProgressMonitor;)Lorg/eclipse/core/resources/IProject;+189
j  com.xilinx.sdk.appwiz.core.AppCreationHandler.createApplication(Lorg/eclipse/core/runtime/IProgressMonitor;)V+12
j  com.xilinx.sdk.appwiz.core.AppCreationHandler$1.run(Lorg/eclipse/core/runtime/IProgressMonitor;)V+5
j  org.eclipse.core.internal.resources.Workspace.run(Lorg/eclipse/core/resources/IWorkspaceRunnable;Lorg/eclipse/core/runtime/jobs/ISchedulingRule;ILorg/eclipse/core/runtime/IProgressMonitor;)V+80
j  org.eclipse.core.internal.resources.Workspace.run(Lorg/eclipse/core/resources/IWorkspaceRunnable;Lorg/eclipse/core/runtime/IProgressMonitor;)V+8
j  com.xilinx.sdk.appwiz.core.AppCreationHandler.execute(Lorg/eclipse/core/runtime/IProgressMonitor;)Lorg/eclipse/core/resources/IProject;+12
j  com.xilinx.sdk.appwiz.ApplicationWizard.createNewProject(Lorg/eclipse/core/runtime/IProgressMonitor;)Lorg/eclipse/core/resources/IProject;+36
j  org.eclipse.cdt.ui.wizards.NewCProjectWizard.doRun(Lorg/eclipse/core/runtime/IProgressMonitor;)V+2
j  org.eclipse.cdt.ui.wizards.NewCProjectWizard$1$1$1.run(Lorg/eclipse/core/runtime/IProgressMonitor;)V+70
j  org.eclipse.ui.actions.WorkspaceModifyDelegatingOperation.execute(Lorg/eclipse/core/runtime/IProgressMonitor;)V+5
j  org.eclipse.ui.actions.WorkspaceModifyOperation$1.run(Lorg/eclipse/core/runtime/IProgressMonitor;)V+5
j  org.eclipse.core.internal.resources.Workspace.run(Lorg/eclipse/core/resources/IWorkspaceRunnable;Lorg/eclipse/core/runtime/jobs/ISchedulingRule;ILorg/eclipse/core/runtime/IProgressMonitor;)V+80
j  org.eclipse.ui.actions.WorkspaceModifyOperation.run(Lorg/eclipse/core/runtime/IProgressMonitor;)V+25
j  org.eclipse.jface.operation.ModalContext.runInCurrentThread(Lorg/eclipse/jface/operation/IRunnableWithProgress;Lorg/eclipse/core/runtime/IProgressMonitor;)V+6
j  org.eclipse.jface.operation.ModalContext.run(Lorg/eclipse/jface/operation/IRunnableWithProgress;ZLorg/eclipse/core/runtime/IProgressMonitor;Lorg/eclipse/swt/widgets/Display;)V+48
j  org.eclipse.jface.wizard.WizardDialog.run(ZZLorg/eclipse/jface/operation/IRunnableWithProgress;)V+60
j  org.eclipse.cdt.ui.wizards.NewCProjectWizard$1$1.run()V+33
j  org.eclipse.ui.internal.UILockListener.doPendingWork()V+27
j  org.eclipse.ui.internal.UISynchronizer$3.run()V+7
J 8013 C2 org.eclipse.swt.widgets.Display.readAndDispatch()Z (101 bytes) @ 0x000000000579d088 [0x000000000579cd00+0x388]
j  org.eclipse.jface.operation.ModalContext$ModalContextThread.block()V+19
j  org.eclipse.jface.operation.ModalContext.run(Lorg/eclipse/jface/operation/IRunnableWithProgress;ZLorg/eclipse/core/runtime/IProgressMonitor;Lorg/eclipse/swt/widgets/Display;)V+131
j  org.eclipse.jface.wizard.WizardDialog.run(ZZLorg/eclipse/jface/operation/IRunnableWithProgress;)V+60
j  org.eclipse.cdt.ui.wizards.NewCProjectWizard.invokeRunnable(Lorg/eclipse/jface/operation/IRunnableWithProgress;)Z+16
j  org.eclipse.cdt.ui.wizards.NewCProjectWizard.performFinish()Z+5
j  org.eclipse.jface.wizard.WizardDialog.finishPressed()V+4
j  org.eclipse.jface.wizard.WizardDialog.buttonPressed(I)V+54
j  org.eclipse.jface.dialogs.Dialog$2.widgetSelected(Lorg/eclipse/swt/events/SelectionEvent;)V+17
J 7799 C1 org.eclipse.swt.widgets.TypedListener.handleEvent(Lorg/eclipse/swt/widgets/Event;)V (1291 bytes) @ 0x000000000570ad54 [0x0000000005706760+0x45f4]
J 6050 C2 org.eclipse.swt.widgets.EventTable.sendEvent(Lorg/eclipse/swt/widgets/Event;)V (532 bytes) @ 0x00000000059f764c [0x00000000059f7480+0x1cc]
J 8013 C2 org.eclipse.swt.widgets.Display.readAndDispatch()Z (101 bytes) @ 0x000000000579d238 [0x000000000579cd00+0x538]
j  org.eclipse.jface.window.Window.runEventLoop(Lorg/eclipse/swt/widgets/Shell;)V+23
j  org.eclipse.jface.window.Window.open()I+49
j  org.eclipse.ui.internal.actions.NewWizardShortcutAction.run()V+311
j  org.eclipse.jface.action.Action.runWithEvent(Lorg/eclipse/swt/widgets/Event;)V+1
j  org.eclipse.jface.action.ActionContributionItem.handleWidgetSelection(Lorg/eclipse/swt/widgets/Event;Z)V+354
j  org.eclipse.jface.action.ActionContributionItem.access$2(Lorg/eclipse/jface/action/ActionContributionItem;Lorg/eclipse/swt/widgets/Event;Z)V+3
j  org.eclipse.jface.action.ActionContributionItem$5.handleEvent(Lorg/eclipse/swt/widgets/Event;)V+60
J 6050 C2 org.eclipse.swt.widgets.EventTable.sendEvent(Lorg/eclipse/swt/widgets/Event;)V (532 bytes) @ 0x00000000059f764c [0x00000000059f7480+0x1cc]
J 8013 C2 org.eclipse.swt.widgets.Display.readAndDispatch()Z (101 bytes) @ 0x000000000579d238 [0x000000000579cd00+0x538]
j  org.eclipse.e4.ui.internal.workbench.swt.PartRenderingEngine$9.run()V+638
j  org.eclipse.core.databinding.observable.Realm.runWithDefault(Lorg/eclipse/core/databinding/observable/Realm;Ljava/lang/Runnable;)V+12
j  org.eclipse.e4.ui.internal.workbench.swt.PartRenderingEngine.run(Lorg/eclipse/e4/ui/model/application/MApplicationElement;Lorg/eclipse/e4/core/contexts/IEclipseContext;)Ljava/lang/Object;+57
j  org.eclipse.e4.ui.internal.workbench.E4Workbench.createAndRunUI(Lorg/eclipse/e4/ui/model/application/MApplicationElement;)V+20
j  org.eclipse.ui.internal.Workbench$5.run()V+245
j  org.eclipse.core.databinding.observable.Realm.runWithDefault(Lorg/eclipse/core/databinding/observable/Realm;Ljava/lang/Runnable;)V+12
j  org.eclipse.ui.internal.Workbench.createAndRunWorkbench(Lorg/eclipse/swt/widgets/Display;Lorg/eclipse/ui/application/WorkbenchAdvisor;)I+18
j  org.eclipse.ui.PlatformUI.createAndRunWorkbench(Lorg/eclipse/swt/widgets/Display;Lorg/eclipse/ui/application/WorkbenchAdvisor;)I+2
j  org.eclipse.ui.internal.ide.application.IDEApplication.start(Lorg/eclipse/equinox/app/IApplicationContext;)Ljava/lang/Object;+108
j  org.eclipse.equinox.internal.app.EclipseAppHandle.run(Ljava/lang/Object;)Ljava/lang/Object;+135
j  org.eclipse.core.runtime.internal.adaptor.EclipseAppLauncher.runApplication(Ljava/lang/Object;)Ljava/lang/Object;+103
j  org.eclipse.core.runtime.internal.adaptor.EclipseAppLauncher.start(Ljava/lang/Object;)Ljava/lang/Object;+29
j  org.eclipse.core.runtime.adaptor.EclipseStarter.run(Ljava/lang/Object;)Ljava/lang/Object;+119
j  org.eclipse.core.runtime.adaptor.EclipseStarter.run([Ljava/lang/String;Ljava/lang/Runnable;)Ljava/lang/Object;+183
v  ~StubRoutines::call_stub
j  sun.reflect.NativeMethodAccessorImpl.invoke0(Ljava/lang/reflect/Method;Ljava/lang/Object;[Ljava/lang/Object;)Ljava/lang/Object;+0
j  sun.reflect.NativeMethodAccessorImpl.invoke(Ljava/lang/Object;[Ljava/lang/Object;)Ljava/lang/Object;+100
j  sun.reflect.DelegatingMethodAccessorImpl.invoke(Ljava/lang/Object;[Ljava/lang/Object;)Ljava/lang/Object;+6
j  java.lang.reflect.Method.invoke(Ljava/lang/Object;[Ljava/lang/Object;)Ljava/lang/Object;+56
j  org.eclipse.equinox.launcher.Main.invokeFramework([Ljava/lang/String;[Ljava/net/URL;)V+211
j  org.eclipse.equinox.launcher.Main.basicRun([Ljava/lang/String;)V+126
j  org.eclipse.equinox.launcher.Main.run([Ljava/lang/String;)I+4
v  ~StubRoutines::call_stub

---------------  P R O C E S S  ---------------

Java Threads: ( => current thread )
  0x000000001d21a800 JavaThread "ModalContext" [_thread_blocked, id=14592, stack(0x00000000310d0000,0x00000000311d0000)]
  0x000000001d21b000 JavaThread "Worker-14" [_thread_blocked, id=15724, stack(0x0000000030fd0000,0x00000000310d0000)]
  0x000000001d215000 JavaThread "Worker-13" [_thread_blocked, id=4324, stack(0x00000000302d0000,0x00000000303d0000)]
  0x000000001d219000 JavaThread "Worker-12" [_thread_blocked, id=13604, stack(0x00000000301d0000,0x00000000302d0000)]
  0x000000001d214800 JavaThread "Worker-11" [_thread_blocked, id=6300, stack(0x00000000300d0000,0x00000000301d0000)]
  0x000000001d217800 JavaThread "Worker-10" [_thread_blocked, id=7028, stack(0x000000002ffd0000,0x00000000300d0000)]
  0x000000001d211800 JavaThread "Worker-9" [_thread_blocked, id=2488, stack(0x000000002fad0000,0x000000002fbd0000)]
  0x000000001d213000 JavaThread "pool-1-thread-1" [_thread_blocked, id=6360, stack(0x000000002f8d0000,0x000000002f9d0000)]
  0x000000001d216800 JavaThread "[ThreadPool Manager] - Idle Thread" daemon [_thread_blocked, id=3000, stack(0x000000002f6d0000,0x000000002f7d0000)]
  0x000000001d212000 JavaThread "Thread-19" [_thread_in_native, id=11568, stack(0x000000002f5d0000,0x000000002f6d0000)]
  0x000000001d216000 JavaThread "Thread-16" daemon [_thread_blocked, id=12528, stack(0x000000002f2d0000,0x000000002f3d0000)]
  0x000000001a5f2000 JavaThread "Thread-15" daemon [_thread_in_native, id=16056, stack(0x000000002f1d0000,0x000000002f2d0000)]
  0x000000001ce5c000 JavaThread "Process monitor" daemon [_thread_in_native, id=15704, stack(0x000000002f0d0000,0x000000002f1d0000)]
  0x000000001ce54800 JavaThread "Input Stream Monitor" daemon [_thread_blocked, id=12880, stack(0x000000002efd0000,0x000000002f0d0000)]
  0x000000001ce5a800 JavaThread "Output Stream Monitor" daemon [_thread_in_native, id=13400, stack(0x000000002eed0000,0x000000002efd0000)]
  0x000000001ce55000 JavaThread "Output Stream Monitor" daemon [_thread_in_native, id=14048, stack(0x000000002edd0000,0x000000002eed0000)]
  0x000000001a5f0000 JavaThread "Worker-8" [_thread_blocked, id=13996, stack(0x000000002d2d0000,0x000000002d3d0000)]
  0x000000001ce5b000 JavaThread "org.eclipse.cdt.internal.ui.text.CReconciler" daemon [_thread_blocked, id=6588, stack(0x00000000257e0000,0x00000000258e0000)]
  0x000000001ce52000 JavaThread "Process monitor" daemon [_thread_in_native, id=7448, stack(0x00000000250e0000,0x00000000251e0000)]
  0x000000001ce51800 JavaThread "Input Stream Monitor" daemon [_thread_blocked, id=10872, stack(0x0000000024fe0000,0x00000000250e0000)]
  0x000000001ce50800 JavaThread "Output Stream Monitor" daemon [_thread_in_native, id=6060, stack(0x0000000024ee0000,0x0000000024fe0000)]
  0x000000001ce53800 JavaThread "Output Stream Monitor" daemon [_thread_in_native, id=12504, stack(0x0000000024de0000,0x0000000024ee0000)]
  0x000000001ce50000 JavaThread "TCF Locator DNS Lookup" daemon [_thread_blocked, id=15636, stack(0x0000000024ce0000,0x0000000024de0000)]
  0x000000001ce4e800 JavaThread "TCF Locator Timer" daemon [_thread_blocked, id=16128, stack(0x0000000024be0000,0x0000000024ce0000)]
  0x000000001ce4d800 JavaThread "TCF Locator Receiver" daemon [_thread_in_native, id=10992, stack(0x0000000024ae0000,0x0000000024be0000)]
  0x000000001ce4f000 JavaThread "TCF Event Dispatcher" daemon [_thread_blocked, id=15252, stack(0x00000000249e0000,0x0000000024ae0000)]
  0x000000001a5f0800 JavaThread "TCF Timer Dispatcher" daemon [_thread_blocked, id=8240, stack(0x00000000248e0000,0x00000000249e0000)]
  0x000000001a5ef000 JavaThread "Java indexing" daemon [_thread_blocked, id=16028, stack(0x0000000024290000,0x0000000024390000)]
  0x000000001a5f6000 JavaThread "Worker-3" [_thread_blocked, id=15428, stack(0x0000000023a90000,0x0000000023b90000)]
  0x000000001a5f1800 JavaThread "Bundle File Closer" daemon [_thread_blocked, id=6892, stack(0x0000000021fb0000,0x00000000220b0000)]
  0x000000001a58b000 JavaThread "EMF Reference Cleaner" daemon [_thread_blocked, id=15928, stack(0x000000001be30000,0x000000001bf30000)]
  0x0000000019372800 JavaThread "Worker-JM" [_thread_blocked, id=15540, stack(0x000000001ba30000,0x000000001bb30000)]
  0x0000000018f86000 JavaThread "[Timer] - Main Queue Handler" daemon [_thread_blocked, id=2596, stack(0x000000001b730000,0x000000001b830000)]
  0x00000000192d1000 JavaThread "Framework Event Dispatcher" daemon [_thread_blocked, id=14044, stack(0x000000001b330000,0x000000001b430000)]
  0x0000000019006000 JavaThread "Start Level Event Dispatcher" daemon [_thread_blocked, id=6540, stack(0x000000001b230000,0x000000001b330000)]
  0x000000001900c000 JavaThread "State Data Manager" daemon [_thread_blocked, id=9868, stack(0x000000001a160000,0x000000001a260000)]
  0x0000000018dfb800 JavaThread "Framework Active Thread" [_thread_blocked, id=9140, stack(0x000000001a000000,0x000000001a100000)]
  0x0000000018179000 JavaThread "Service Thread" daemon [_thread_blocked, id=4768, stack(0x0000000018ac0000,0x0000000018bc0000)]
  0x00000000180fa800 JavaThread "C1 CompilerThread3" daemon [_thread_blocked, id=3132, stack(0x00000000189c0000,0x0000000018ac0000)]
  0x00000000180f3000 JavaThread "C2 CompilerThread2" daemon [_thread_blocked, id=9704, stack(0x00000000188c0000,0x00000000189c0000)]
  0x00000000180ec800 JavaThread "C2 CompilerThread1" daemon [_thread_blocked, id=9896, stack(0x00000000187c0000,0x00000000188c0000)]
  0x00000000180ea800 JavaThread "C2 CompilerThread0" daemon [_thread_blocked, id=13588, stack(0x00000000186c0000,0x00000000187c0000)]
  0x00000000180e7000 JavaThread "Attach Listener" daemon [_thread_blocked, id=12316, stack(0x00000000185c0000,0x00000000186c0000)]
  0x00000000180e5800 JavaThread "Signal Dispatcher" daemon [_thread_blocked, id=10120, stack(0x00000000184c0000,0x00000000185c0000)]
  0x0000000004865800 JavaThread "Finalizer" daemon [_thread_blocked, id=436, stack(0x0000000017fc0000,0x00000000180c0000)]
  0x00000000160db800 JavaThread "Reference Handler" daemon [_thread_blocked, id=11352, stack(0x0000000017ec0000,0x0000000017fc0000)]
=>0x000000000476e800 JavaThread "main" [_thread_in_native, id=8952, stack(0x0000000000050000,0x0000000000150000)]

Other Threads:
  0x00000000160d7800 VMThread [stack: 0x0000000017dc0000,0x0000000017ec0000] [id=13940]
  0x000000001817a000 WatcherThread [stack: 0x0000000018bc0000,0x0000000018cc0000] [id=9028]

VM state:not at safepoint (normal execution)

VM Mutex/Monitor currently owned by a thread: None

Heap:
 PSYoungGen      total 130560K, used 103213K [0x00000000f5580000, 0x00000000ffc80000, 0x0000000100000000)
  eden space 90112K, 93% used [0x00000000f5580000,0x00000000fa801d98,0x00000000fad80000)
  from space 40448K, 46% used [0x00000000fad80000,0x00000000fbfc98c0,0x00000000fd500000)
  to   space 37888K, 0% used [0x00000000fd780000,0x00000000fd780000,0x00000000ffc80000)
 ParOldGen       total 179200K, used 83335K [0x00000000e0000000, 0x00000000eaf00000, 0x00000000f5580000)
  object space 179200K, 46% used [0x00000000e0000000,0x00000000e5161d20,0x00000000eaf00000)
 Metaspace       used 77304K, capacity 83500K, committed 83672K, reserved 1122304K
  class space    used 9541K, capacity 11434K, committed 11480K, reserved 1048576K

Card table byte_map: [0x0000000013c30000,0x0000000013d40000] byte_map_base: 0x0000000013530000

Marking Bits: (ParMarkBitMap*) 0x00000000534bd490
 Begin Bits: [0x00000000145f0000, 0x0000000014df0000)
 End Bits:   [0x0000000014df0000, 0x00000000155f0000)

Polling page: 0x0000000004110000

CodeCache: size=245760Kb used=29811Kb max_used=29845Kb free=215948Kb
 bounds [0x0000000004870000, 0x00000000065d0000, 0x0000000013870000]
 total_blobs=9340 nmethods=8501 adapters=748
 compilation: enabled

Compilation events (10 events):
Event: 389.315 Thread 0x00000000180fa800 nmethod 10444 0x00000000062a0e90 code [0x00000000062a1160, 0x00000000062a28b8]
Event: 389.315 Thread 0x00000000180fa800 10445  s    3       java.util.Properties::enumerate (54 bytes)
Event: 389.316 Thread 0x00000000180fa800 nmethod 10445 0x00000000065a20d0 code [0x00000000065a22a0, 0x00000000065a2b38]
Event: 389.321 Thread 0x00000000180fa800 10446       3       org.eclipse.core.resources.ProjectScope::<init> (22 bytes)
Event: 389.322 Thread 0x00000000180fa800 nmethod 10446 0x00000000062a0910 code [0x00000000062a0a80, 0x00000000062a0d28]
Event: 389.326 Thread 0x00000000180ea800 nmethod 10436 0x00000000065a6690 code [0x00000000065a6820, 0x00000000065a7458]
Event: 389.326 Thread 0x00000000180ea800 10437       4       org.eclipse.cdt.internal.core.envvar.EnvVarDescriptor::getName (10 bytes)
Event: 389.327 Thread 0x00000000180ea800 nmethod 10437 0x0000000006446510 code [0x0000000006446660, 0x00000000064466f8]
Event: 389.343 Thread 0x00000000180f3000 nmethod 10441 0x00000000065aad50 code [0x00000000065aaf80, 0x00000000065ac6e8]
Event: 389.378 Thread 0x00000000180ec800 nmethod 10340 0x00000000065b6390 code [0x00000000065b6c80, 0x00000000065be3a8]

GC Heap History (10 events):
Event: 140.710 GC heap before
{Heap before GC invocations=27 (full 4):
 PSYoungGen      total 119808K, used 89682K [0x00000000f5580000, 0x00000000ff800000, 0x0000000100000000)
  eden space 73216K, 100% used [0x00000000f5580000,0x00000000f9d00000,0x00000000f9d00000)
  from space 46592K, 35% used [0x00000000fca80000,0x00000000fda94948,0x00000000ff800000)
  to   space 46592K, 0% used [0x00000000f9d00000,0x00000000f9d00000,0x00000000fca80000)
 ParOldGen       total 179200K, used 83247K [0x00000000e0000000, 0x00000000eaf00000, 0x00000000f5580000)
  object space 179200K, 46% used [0x00000000e0000000,0x00000000e514bd10,0x00000000eaf00000)
 Metaspace       used 74030K, capacity 80100K, committed 80344K, reserved 1118208K
  class space    used 9260K, capacity 11120K, committed 11224K, reserved 1048576K
Event: 140.717 GC heap after
Heap after GC invocations=27 (full 4):
 PSYoungGen      total 119808K, used 16402K [0x00000000f5580000, 0x00000000ffb00000, 0x0000000100000000)
  eden space 73216K, 0% used [0x00000000f5580000,0x00000000f5580000,0x00000000f9d00000)
  from space 46592K, 35% used [0x00000000f9d00000,0x00000000fad04940,0x00000000fca80000)
  to   space 44032K, 0% used [0x00000000fd000000,0x00000000fd000000,0x00000000ffb00000)
 ParOldGen       total 179200K, used 83247K [0x00000000e0000000, 0x00000000eaf00000, 0x00000000f5580000)
  object space 179200K, 46% used [0x00000000e0000000,0x00000000e514bd10,0x00000000eaf00000)
 Metaspace       used 74030K, capacity 80100K, committed 80344K, reserved 1118208K
  class space    used 9260K, capacity 11120K, committed 11224K, reserved 1048576K
}
Event: 140.857 GC heap before
{Heap before GC invocations=28 (full 4):
 PSYoungGen      total 119808K, used 89618K [0x00000000f5580000, 0x00000000ffb00000, 0x0000000100000000)
  eden space 73216K, 100% used [0x00000000f5580000,0x00000000f9d00000,0x00000000f9d00000)
  from space 46592K, 35% used [0x00000000f9d00000,0x00000000fad04940,0x00000000fca80000)
  to   space 44032K, 0% used [0x00000000fd000000,0x00000000fd000000,0x00000000ffb00000)
 ParOldGen       total 179200K, used 83247K [0x00000000e0000000, 0x00000000eaf00000, 0x00000000f5580000)
  object space 179200K, 46% used [0x00000000e0000000,0x00000000e514bd10,0x00000000eaf00000)
 Metaspace       used 74030K, capacity 80100K, committed 80344K, reserved 1118208K
  class space    used 9260K, capacity 11120K, committed 11224K, reserved 1048576K
Event: 140.863 GC heap after
Heap after GC invocations=28 (full 4):
 PSYoungGen      total 125952K, used 16466K [0x00000000f5580000, 0x00000000ff980000, 0x0000000100000000)
  eden space 83456K, 0% used [0x00000000f5580000,0x00000000f5580000,0x00000000fa700000)
  from space 42496K, 38% used [0x00000000fd000000,0x00000000fe014810,0x00000000ff980000)
  to   space 41984K, 0% used [0x00000000fa700000,0x00000000fa700000,0x00000000fd000000)
 ParOldGen       total 179200K, used 83247K [0x00000000e0000000, 0x00000000eaf00000, 0x00000000f5580000)
  object space 179200K, 46% used [0x00000000e0000000,0x00000000e514bd10,0x00000000eaf00000)
 Metaspace       used 74030K, capacity 80100K, committed 80344K, reserved 1118208K
  class space    used 9260K, capacity 11120K, committed 11224K, reserved 1048576K
}
Event: 321.401 GC heap before
{Heap before GC invocations=29 (full 4):
 PSYoungGen      total 125952K, used 99922K [0x00000000f5580000, 0x00000000ff980000, 0x0000000100000000)
  eden space 83456K, 100% used [0x00000000f5580000,0x00000000fa700000,0x00000000fa700000)
  from space 42496K, 38% used [0x00000000fd000000,0x00000000fe014810,0x00000000ff980000)
  to   space 41984K, 0% used [0x00000000fa700000,0x00000000fa700000,0x00000000fd000000)
 ParOldGen       total 179200K, used 83247K [0x00000000e0000000, 0x00000000eaf00000, 0x00000000f5580000)
  object space 179200K, 46% used [0x00000000e0000000,0x00000000e514bd10,0x00000000eaf00000)
 Metaspace       used 76044K, capacity 82124K, committed 82264K, reserved 1120256K
  class space    used 9440K, capacity 11322K, committed 11352K, reserved 1048576K
Event: 321.415 GC heap after
Heap after GC invocations=29 (full 4):
 PSYoungGen      total 125440K, used 25502K [0x00000000f5580000, 0x0000000100000000, 0x0000000100000000)
  eden space 83456K, 0% used [0x00000000f5580000,0x00000000f5580000,0x00000000fa700000)
  from space 41984K, 60% used [0x00000000fa700000,0x00000000fbfe7ae0,0x00000000fd000000)
  to   space 42496K, 0% used [0x00000000fd680000,0x00000000fd680000,0x0000000100000000)
 ParOldGen       total 179200K, used 83255K [0x00000000e0000000, 0x00000000eaf00000, 0x00000000f5580000)
  object space 179200K, 46% used [0x00000000e0000000,0x00000000e514dd10,0x00000000eaf00000)
 Metaspace       used 76044K, capacity 82124K, committed 82264K, reserved 1120256K
  class space    used 9440K, capacity 11322K, committed 11352K, reserved 1048576K
}
Event: 347.480 GC heap before
{Heap before GC invocations=30 (full 4):
 PSYoungGen      total 125440K, used 108036K [0x00000000f5580000, 0x0000000100000000, 0x0000000100000000)
  eden space 83456K, 98% used [0x00000000f5580000,0x00000000fa6198a0,0x00000000fa700000)
  from space 41984K, 60% used [0x00000000fa700000,0x00000000fbfe7ae0,0x00000000fd000000)
  to   space 42496K, 0% used [0x00000000fd680000,0x00000000fd680000,0x0000000100000000)
 ParOldGen       total 179200K, used 83255K [0x00000000e0000000, 0x00000000eaf00000, 0x00000000f5580000)
  object space 179200K, 46% used [0x00000000e0000000,0x00000000e514dd10,0x00000000eaf00000)
 Metaspace       used 76469K, capacity 82640K, committed 82776K, reserved 1120256K
  class space    used 9443K, capacity 11322K, committed 11352K, reserved 1048576K
Event: 347.492 GC heap after
Heap after GC invocations=30 (full 4):
 PSYoungGen      total 129024K, used 17334K [0x00000000f5580000, 0x00000000ffc80000, 0x0000000100000000)
  eden space 90112K, 0% used [0x00000000f5580000,0x00000000f5580000,0x00000000fad80000)
  from space 38912K, 44% used [0x00000000fd680000,0x00000000fe76d8e0,0x00000000ffc80000)
  to   space 40448K, 0% used [0x00000000fad80000,0x00000000fad80000,0x00000000fd500000)
 ParOldGen       total 179200K, used 83327K [0x00000000e0000000, 0x00000000eaf00000, 0x00000000f5580000)
  object space 179200K, 46% used [0x00000000e0000000,0x00000000e515fd20,0x00000000eaf00000)
 Metaspace       used 76469K, capacity 82640K, committed 82776K, reserved 1120256K
  class space    used 9443K, capacity 11322K, committed 11352K, reserved 1048576K
}
Event: 347.607 GC heap before
{Heap before GC invocations=31 (full 4):
 PSYoungGen      total 129024K, used 107446K [0x00000000f5580000, 0x00000000ffc80000, 0x0000000100000000)
  eden space 90112K, 100% used [0x00000000f5580000,0x00000000fad80000,0x00000000fad80000)
  from space 38912K, 44% used [0x00000000fd680000,0x00000000fe76d8e0,0x00000000ffc80000)
  to   space 40448K, 0% used [0x00000000fad80000,0x00000000fad80000,0x00000000fd500000)
 ParOldGen       total 179200K, used 83327K [0x00000000e0000000, 0x00000000eaf00000, 0x00000000f5580000)
  object space 179200K, 46% used [0x00000000e0000000,0x00000000e515fd20,0x00000000eaf00000)
 Metaspace       used 76469K, capacity 82640K, committed 82776K, reserved 1120256K
  class space    used 9443K, capacity 11322K, committed 11352K, reserved 1048576K
Event: 347.616 GC heap after
Heap after GC invocations=31 (full 4):
 PSYoungGen      total 130560K, used 18726K [0x00000000f5580000, 0x00000000ffc80000, 0x0000000100000000)
  eden space 90112K, 0% used [0x00000000f5580000,0x00000000f5580000,0x00000000fad80000)
  from space 40448K, 46% used [0x00000000fad80000,0x00000000fbfc98c0,0x00000000fd500000)
  to   space 37888K, 0% used [0x00000000fd780000,0x00000000fd780000,0x00000000ffc80000)
 ParOldGen       total 179200K, used 83335K [0x00000000e0000000, 0x00000000eaf00000, 0x00000000f5580000)
  object space 179200K, 46% used [0x00000000e0000000,0x00000000e5161d20,0x00000000eaf00000)
 Metaspace       used 76469K, capacity 82640K, committed 82776K, reserved 1120256K
  class space    used 9443K, capacity 11322K, committed 11352K, reserved 1048576K
}

Deoptimization events (10 events):
Event: 385.750 Thread 0x000000000476e800 Uncommon trap: reason=class_check action=maybe_recompile pc=0x000000000656c600 method=org.eclipse.swt.widgets.Control.windowProc(JIJJ)J @ 1231
Event: 385.750 Thread 0x000000000476e800 Uncommon trap: reason=class_check action=maybe_recompile pc=0x000000000656cf20 method=org.eclipse.swt.widgets.Control.windowProc(JIJJ)J @ 802
Event: 385.750 Thread 0x000000000476e800 Uncommon trap: reason=class_check action=maybe_recompile pc=0x000000000656c78c method=org.eclipse.swt.widgets.Control.windowProc(JIJJ)J @ 867
Event: 388.903 Thread 0x000000000476e800 Uncommon trap: reason=bimorphic action=maybe_recompile pc=0x00000000059ab580 method=org.eclipse.core.internal.localstore.FileSystemResourceManager.getStoreRoot(Lorg/eclipse/core/resources/IResource;)Lorg/eclipse/core/internal/localstore/FileStoreRoot; @ 15å—YúsNx@
Event: 388.903 Thread 0x000000000476e800 Uncommon trap: reason=bimorphic action=maybe_recompile pc=0x00000000059ab580 method=org.eclipse.core.internal.localstore.FileSystemResourceManager.getStoreRoot(Lorg/eclipse/core/resources/IResource;)Lorg/eclipse/core/internal/localstore/FileStoreRoot; @ 15¿¢ùÕ¥Nx@
Event: 388.915 Thread 0x000000000476e800 Uncommon trap: reason=unreached action=reinterpret pc=0x00000000055e51a8 method=java.util.concurrent.ConcurrentHashMap.putVal(Ljava/lang/Object;Ljava/lang/Object;Z)Ljava/lang/Object; @ 181
Event: 389.001 Thread 0x000000000476e800 Uncommon trap: reason=bimorphic action=maybe_recompile pc=0x0000000005b9cd7c method=com.sun.org.apache.xerces.internal.dom.DeepNodeListImpl.nextMatchingElementAfter(Lorg/w3c/dom/Node;)Lorg/w3c/dom/Node; @ 14
Event: 389.001 Thread 0x000000000476e800 Uncommon trap: reason=unreached action=reinterpret pc=0x0000000005b9cad8 method=com.sun.org.apache.xerces.internal.dom.DeepNodeListImpl.nextMatchingElementAfter(Lorg/w3c/dom/Node;)Lorg/w3c/dom/Node; @ 28
Event: 389.132 Thread 0x000000000476e800 Uncommon trap: reason=class_check action=maybe_recompile pc=0x00000000057f59c0 method=com.sun.org.apache.xerces.internal.dom.DeepNodeListImpl.nextMatchingElementAfter(Lorg/w3c/dom/Node;)Lorg/w3c/dom/Node; @ 126
Event: 389.133 Thread 0x000000000476e800 Uncommon trap: reason=null_check action=make_not_entrant pc=0x0000000005d2009c method=com.sun.org.apache.xerces.internal.dom.ElementImpl.getAttribute(Ljava/lang/String;)Ljava/lang/String; @ 32

Internal exceptions (10 events):
Event: 344.734 Thread 0x000000001d213800 Implicit null exception at 0x0000000005b437eb to 0x0000000005b43980
Event: 344.734 Thread 0x000000001d213800 Exception <a 'java/lang/NullPointerException'> (0x00000000f722e688) thrown at [D:\re\workspace\8-2-build-windows-amd64-cygwin\jdk8u25\1677\hotspot\src\share\vm\runtime\sharedRuntime.cpp, line 604]
Event: 344.741 Thread 0x000000001d213800 Implicit null exception at 0x0000000005b437eb to 0x0000000005b43980
Event: 344.741 Thread 0x000000001d213800 Exception <a 'java/lang/NullPointerException'> (0x00000000f723d280) thrown at [D:\re\workspace\8-2-build-windows-amd64-cygwin\jdk8u25\1677\hotspot\src\share\vm\runtime\sharedRuntime.cpp, line 604]
Event: 344.803 Thread 0x000000001d213800 Implicit null exception at 0x0000000005b437eb to 0x0000000005b43980
Event: 344.803 Thread 0x000000001d213800 Exception <a 'java/lang/NullPointerException'> (0x00000000f7296f88) thrown at [D:\re\workspace\8-2-build-windows-amd64-cygwin\jdk8u25\1677\hotspot\src\share\vm\runtime\sharedRuntime.cpp, line 604]
Event: 346.514 Thread 0x000000001d211800 Implicit null exception at 0x000000000634fed8 to 0x000000000634ff85
Event: 347.650 Thread 0x000000001ce5b000 Implicit null exception at 0x000000000634c714 to 0x000000000634c899
Event: 347.650 Thread 0x000000001ce5b000 Implicit null exception at 0x0000000006351af4 to 0x00000000063525f5
Event: 388.918 Thread 0x000000000476e800 Exception <a 'java/io/FileNotFoundException'> (0x00000000f973fa58) thrown at [D:\re\workspace\8-2-build-windows-amd64-cygwin\jdk8u25\1677\hotspot\src\share\vm\prims\jni.cpp, line 716]

Events (10 events):
Event: 389.214 Thread 0x000000001d21c000 Thread exited: 0x000000001d21c000
Event: 389.216 Executing VM operation: RevokeBias
Event: 389.217 Executing VM operation: RevokeBias done
Event: 389.217 Thread 0x000000001d213800 Thread exited: 0x000000001d213800
Event: 389.294 Executing VM operation: RevokeBias
Event: 389.294 Executing VM operation: RevokeBias done
Event: 389.294 Executing VM operation: RevokeBias
Event: 389.294 Executing VM operation: RevokeBias done
Event: 389.294 Executing VM operation: RevokeBias
Event: 389.294 Executing VM operation: RevokeBias done


Dynamic libraries:
0x0000000000400000 - 0x000000000044f000 	C:\Xilinx\SDK\2015.2\eclipse\win64.o\eclipse.exe
0x00007ffd8b2d0000 - 0x00007ffd8b4b0000 	C:\WINDOWS\SYSTEM32\ntdll.dll
0x00007ffd8a810000 - 0x00007ffd8a8be000 	C:\WINDOWS\System32\KERNEL32.DLL
0x00007ffd87a80000 - 0x00007ffd87ce6000 	C:\WINDOWS\System32\KERNELBASE.dll
0x00007ffd8afa0000 - 0x00007ffd8b12f000 	C:\WINDOWS\System32\USER32.dll
0x00007ffd884e0000 - 0x00007ffd88500000 	C:\WINDOWS\System32\win32u.dll
0x00007ffd8ad80000 - 0x00007ffd8ada8000 	C:\WINDOWS\System32\GDI32.dll
0x00007ffd88500000 - 0x00007ffd88693000 	C:\WINDOWS\System32\gdi32full.dll
0x00007ffd88440000 - 0x00007ffd884db000 	C:\WINDOWS\System32\msvcp_win.dll
0x00007ffd886a0000 - 0x00007ffd88796000 	C:\WINDOWS\System32\ucrtbase.dll
0x00007ffd88eb0000 - 0x00007ffd88f4d000 	C:\WINDOWS\System32\msvcrt.dll
0x00007ffd6d940000 - 0x00007ffd6dba9000 	C:\WINDOWS\WinSxS\amd64_microsoft.windows.common-controls_6595b64144ccf1df_6.0.16299.125_none_15cbcf8893620c09\COMCTL32.dll
0x00007ffd887a0000 - 0x00007ffd88aa8000 	C:\WINDOWS\System32\combase.dll
0x00007ffd8adb0000 - 0x00007ffd8aecf000 	C:\WINDOWS\System32\RPCRT4.dll
0x00007ffd879b0000 - 0x00007ffd87a22000 	C:\WINDOWS\System32\bcryptPrimitives.dll
0x00007ffd8aed0000 - 0x00007ffd8aefd000 	C:\WINDOWS\System32\IMM32.DLL
0x0000000072000000 - 0x0000000072012000 	C:\Xilinx\SDK\2015.2\eclipse\win64.o\plugins\org.eclipse.equinox.launcher.win32.win32.x86_64_1.1.200.v20140116-2212\eclipse_1503.dll
0x00007ffd8b130000 - 0x00007ffd8b1d1000 	C:\WINDOWS\System32\ADVAPI32.dll
0x00007ffd8b240000 - 0x00007ffd8b29b000 	C:\WINDOWS\System32\sechost.dll
0x00007ffd80ba0000 - 0x00007ffd80baa000 	C:\WINDOWS\SYSTEM32\VERSION.dll
0x00007ffd84ba0000 - 0x00007ffd84c35000 	C:\WINDOWS\system32\uxtheme.dll
0x00007ffd88ac0000 - 0x00007ffd88c27000 	C:\WINDOWS\System32\MSCTF.dll
0x00007ffd88c40000 - 0x00007ffd88d05000 	C:\WINDOWS\System32\OLEAUT32.dll
0x0000000052ce0000 - 0x000000005353a000 	C:\Xilinx\SDK\2015.2\tps\win64\jre\bin\server\jvm.dll
0x00007ffd88c30000 - 0x00007ffd88c38000 	C:\WINDOWS\System32\PSAPI.DLL
0x00007ffd6dc90000 - 0x00007ffd6dc99000 	C:\WINDOWS\SYSTEM32\WSOCK32.dll
0x00007ffd84840000 - 0x00007ffd84863000 	C:\WINDOWS\SYSTEM32\WINMM.dll
0x0000000055840000 - 0x0000000055912000 	C:\WINDOWS\SYSTEM32\MSVCR100.dll
0x00007ffd8a7a0000 - 0x00007ffd8a80c000 	C:\WINDOWS\System32\WS2_32.dll
0x00007ffd847e0000 - 0x00007ffd8480a000 	C:\WINDOWS\SYSTEM32\WINMMBASE.dll
0x00007ffd87a30000 - 0x00007ffd87a7a000 	C:\WINDOWS\System32\cfgmgr32.dll
0x0000000052ba0000 - 0x0000000052baf000 	C:\Xilinx\SDK\2015.2\tps\win64\jre\bin\verify.dll
0x0000000052b70000 - 0x0000000052b98000 	C:\Xilinx\SDK\2015.2\tps\win64\jre\bin\java.dll
0x0000000052b50000 - 0x0000000052b66000 	C:\Xilinx\SDK\2015.2\tps\win64\jre\bin\zip.dll
0x00007ffd89230000 - 0x00007ffd8a666000 	C:\WINDOWS\System32\SHELL32.dll
0x00007ffd89120000 - 0x00007ffd891c6000 	C:\WINDOWS\System32\shcore.dll
0x00007ffd87cf0000 - 0x00007ffd88437000 	C:\WINDOWS\System32\windows.storage.dll
0x00007ffd8ad20000 - 0x00007ffd8ad71000 	C:\WINDOWS\System32\shlwapi.dll
0x00007ffd87690000 - 0x00007ffd876a1000 	C:\WINDOWS\System32\kernel.appcore.dll
0x00007ffd87640000 - 0x00007ffd8768c000 	C:\WINDOWS\System32\powrprof.dll
0x00007ffd87620000 - 0x00007ffd8763b000 	C:\WINDOWS\System32\profapi.dll
0x00007ffd87350000 - 0x00007ffd87367000 	C:\WINDOWS\SYSTEM32\CRYPTSP.dll
0x00007ffd86770000 - 0x00007ffd867a3000 	C:\WINDOWS\system32\rsaenh.dll
0x00007ffd87150000 - 0x00007ffd87175000 	C:\WINDOWS\SYSTEM32\bcrypt.dll
0x00007ffd87550000 - 0x00007ffd87579000 	C:\WINDOWS\SYSTEM32\USERENV.dll
0x00007ffd86d20000 - 0x00007ffd86d2b000 	C:\WINDOWS\SYSTEM32\CRYPTBASE.dll
0x0000000052b30000 - 0x0000000052b4a000 	C:\Xilinx\SDK\2015.2\tps\win64\jre\bin\net.dll
0x00007ffd86b60000 - 0x00007ffd86bc6000 	C:\WINDOWS\system32\mswsock.dll
0x00007ffd868f0000 - 0x00007ffd86929000 	C:\WINDOWS\SYSTEM32\IPHLPAPI.DLL
0x00007ffd8a8c0000 - 0x00007ffd8a8c8000 	C:\WINDOWS\System32\NSI.dll
0x00007ffd82a50000 - 0x00007ffd82a66000 	C:\WINDOWS\SYSTEM32\dhcpcsvc6.DLL
0x00007ffd82850000 - 0x00007ffd8286a000 	C:\WINDOWS\SYSTEM32\dhcpcsvc.DLL
0x0000000052b10000 - 0x0000000052b21000 	C:\Xilinx\SDK\2015.2\tps\win64\jre\bin\nio.dll
0x00007ffd80a40000 - 0x00007ffd80ad8000 	C:\WINDOWS\System32\TextInputFramework.dll
0x00007ffd7e4f0000 - 0x00007ffd7e7de000 	C:\WINDOWS\System32\CoreUIComponents.dll
0x00007ffd83bc0000 - 0x00007ffd83c9d000 	C:\WINDOWS\System32\CoreMessaging.dll
0x00007ffd86390000 - 0x00007ffd863c1000 	C:\WINDOWS\SYSTEM32\ntmarta.dll
0x00007ffd826d0000 - 0x00007ffd82806000 	C:\WINDOWS\SYSTEM32\wintypes.dll
0x00007ffd85240000 - 0x00007ffd8526a000 	C:\WINDOWS\system32\dwmapi.dll
0x00007ffd85210000 - 0x00007ffd85226000 	C:\WINDOWS\system32\napinsp.dll
0x00007ffd851d0000 - 0x00007ffd851ea000 	C:\WINDOWS\system32\pnrpnsp.dll
0x00007ffd844a0000 - 0x00007ffd844b8000 	C:\WINDOWS\system32\NLAapi.dll
0x00007ffd86930000 - 0x00007ffd869e6000 	C:\WINDOWS\SYSTEM32\DNSAPI.dll
0x00007ffd851c0000 - 0x00007ffd851ce000 	C:\WINDOWS\System32\winrnr.dll
0x00000000554b0000 - 0x00000000554d6000 	C:\Program Files\Bonjour\mdnsNSP.dll
0x00007ffd851f0000 - 0x00007ffd85205000 	C:\WINDOWS\System32\wshbth.dll
0x00007ffd7d000000 - 0x00007ffd7d00a000 	C:\Windows\System32\rasadhlp.dll
0x00007ffd82b40000 - 0x00007ffd82bb0000 	C:\WINDOWS\System32\fwpuclnt.dll
0x00007ffd88f50000 - 0x00007ffd89099000 	C:\WINDOWS\System32\ole32.dll
0x00007ffd8af00000 - 0x00007ffd8af9e000 	C:\WINDOWS\System32\clbcatq.dll
0x00007ffd6f4e0000 - 0x00007ffd6f589000 	C:\Program Files\Common Files\microsoft shared\ink\tiptsf.dll
0x000000001bf30000 - 0x000000001bfd8000 	C:\Users\Administrator\.Xilinx\SDK\2015.2\org.eclipse.osgi\bundles\287\1\.cp\swt-win32-4335.dll
0x00007ffd8a690000 - 0x00007ffd8a79a000 	C:\WINDOWS\System32\comdlg32.dll
0x00007ffd876d0000 - 0x00007ffd8789e000 	C:\WINDOWS\System32\CRYPT32.dll
0x00007ffd876b0000 - 0x00007ffd876c2000 	C:\WINDOWS\System32\MSASN1.dll
0x00007ffd7e1e0000 - 0x00007ffd7e266000 	C:\WINDOWS\SYSTEM32\WINSPOOL.DRV
0x00007ffd80700000 - 0x00007ffd80719000 	C:\WINDOWS\SYSTEM32\USP10.dll
0x00007ffd85900000 - 0x00007ffd85c34000 	C:\WINDOWS\SYSTEM32\WININET.dll
0x00007ffd81510000 - 0x00007ffd816c1000 	C:\WINDOWS\SYSTEM32\propsys.dll
0x000000001bb30000 - 0x000000001bb4e000 	C:\Users\Administrator\.Xilinx\SDK\2015.2\org.eclipse.osgi\bundles\287\1\.cp\swt-gdip-win32-4335.dll
0x00007ffd7dff0000 - 0x00007ffd7e18c000 	C:\WINDOWS\WinSxS\amd64_microsoft.windows.gdiplus_6595b64144ccf1df_1.1.16299.125_none_46b6c26dedf485d7\gdiplus.dll
0x00007ffd7ed30000 - 0x00007ffd7eedb000 	C:\WINDOWS\SYSTEM32\WindowsCodecs.dll
0x0000000180000000 - 0x0000000180012000 	C:\Users\Administrator\.Xilinx\SDK\2015.2\org.eclipse.osgi\bundles\113\1\.cp\os\win32\x86_64\localfile_1_0_0.dll
0x00007ffd820e0000 - 0x00007ffd820f1000 	C:\Users\Administrator\.Xilinx\SDK\2015.2\org.eclipse.osgi\bundles\116\1\.cp\jWinHttp-1.0.0.dll
0x00007ffd81430000 - 0x00007ffd8150e000 	C:\WINDOWS\SYSTEM32\WINHTTP.dll
0x00007ffd7df80000 - 0x00007ffd7dfee000 	C:\WINDOWS\SYSTEM32\oleacc.dll
0x00007ffd66300000 - 0x00007ffd6634f000 	C:\WINDOWS\system32\dataexchange.dll
0x00007ffd83d50000 - 0x00007ffd83e92000 	C:\WINDOWS\system32\dcomp.dll
0x00007ffd832b0000 - 0x00007ffd83591000 	C:\WINDOWS\system32\d3d11.dll
0x00007ffd861d0000 - 0x00007ffd8627f000 	C:\WINDOWS\system32\dxgi.dll
0x00007ffd85270000 - 0x00007ffd853eb000 	C:\WINDOWS\system32\twinapi.appcore.dll
0x00007ffd85520000 - 0x00007ffd85540000 	C:\WINDOWS\system32\RMCLIENT.dll
0x00007ffd57250000 - 0x00007ffd5728f000 	C:\WINDOWS\system32\mlang.dll
0x00007ffd7ce50000 - 0x00007ffd7ce60000 	C:\Xilinx\SDK\2015.2\lib\win64.o\librdi_repo_manager.dll
0x00007ffd12810000 - 0x00007ffd129f8000 	C:\Xilinx\SDK\2015.2\lib\win64.o\librdi_hsm.dll
0x00007ffd3b020000 - 0x00007ffd3b963000 	C:\Xilinx\SDK\2015.2\lib\win64.o\librdi_common.dll
0x00007ffd4e390000 - 0x00007ffd4e3e4000 	C:\Xilinx\SDK\2015.2\lib\win64.o\librdi_commonxillic.dll
0x00007ffd50710000 - 0x00007ffd5073a000 	C:\Xilinx\SDK\2015.2\lib\win64.o\libisl_sysinfo.dll
0x00007ffd751d0000 - 0x00007ffd75277000 	C:\WINDOWS\SYSTEM32\MSVCP110.dll
0x00007ffd750f0000 - 0x00007ffd751c4000 	C:\WINDOWS\SYSTEM32\MSVCR110.dll
0x00007ffd7a3b0000 - 0x00007ffd7a3d2000 	C:\Xilinx\SDK\2015.2\lib\win64.o\libboost_filesystem.dll
0x00007ffd4bb50000 - 0x00007ffd4bc4a000 	C:\Xilinx\SDK\2015.2\lib\win64.o\libboost_regex.dll
0x00007ffd807e0000 - 0x00007ffd807e9000 	C:\Xilinx\SDK\2015.2\lib\win64.o\libboost_system.dll
0x00007ffd4beb0000 - 0x00007ffd4bef3000 	C:\Xilinx\SDK\2015.2\lib\win64.o\librdi_hdf.dll
0x00007ffd47050000 - 0x00007ffd4720a000 	C:\Xilinx\SDK\2015.2\lib\win64.o\librdi_ippcw.dll
0x0000000052bb0000 - 0x0000000052cd7000 	C:\Xilinx\SDK\2015.2\lib\win64.o\tcl85t.dll
0x00007ffd3ad70000 - 0x00007ffd3b018000 	C:\Xilinx\SDK\2015.2\lib\win64.o\libCOIN-all.dll
0x00007ffd3ab50000 - 0x00007ffd3ad70000 	C:\Xilinx\SDK\2015.2\lib\win64.o\libXil_lmgr11.dll
0x00007ffd87950000 - 0x00007ffd879a8000 	C:\WINDOWS\System32\WINTRUST.dll
0x00007ffd846e0000 - 0x00007ffd846f0000 	C:\Xilinx\SDK\2015.2\lib\win64.o\libboost_date_time.dll
0x00007ffd69bf0000 - 0x00007ffd69c64000 	C:\Xilinx\SDK\2015.2\lib\win64.o\libboost_program_options.dll
0x00007ffd69300000 - 0x00007ffd69313000 	C:\Xilinx\SDK\2015.2\lib\win64.o\libboost_signals.dll
0x00007ffd692e0000 - 0x00007ffd692fd000 	C:\Xilinx\SDK\2015.2\lib\win64.o\libboost_thread.dll
0x00007ffd65a70000 - 0x00007ffd65af0000 	C:\Xilinx\SDK\2015.2\lib\win64.o\libhdlpsolve.dll
0x00007ffd4c2f0000 - 0x00007ffd4c38a000 	C:\Xilinx\SDK\2015.2\lib\win64.o\libhdxml.dll
0x00007ffd13980000 - 0x00007ffd13f8a200 	C:\Xilinx\SDK\2015.2\lib\win64.o\libisl_iostreams.dll
0x00007ffd66390000 - 0x00007ffd663b3000 	C:\Xilinx\SDK\2015.2\lib\win64.o\libisl_iosutils.dll
0x00007ffd82010000 - 0x00007ffd82025000 	C:\Xilinx\SDK\2015.2\lib\win64.o\pthreadVC2.dll
0x00007ffd47460000 - 0x00007ffd47590000 	C:\Xilinx\SDK\2015.2\lib\win64.o\librdi_curl.dll
0x00007ffd66610000 - 0x00007ffd66628000 	C:\Xilinx\SDK\2015.2\lib\win64.o\librdiconfig.dll
0x00007ffd4f8f0000 - 0x00007ffd4f913000 	C:\Xilinx\SDK\2015.2\lib\win64.o\librdizlib.dll
0x00007ffd7a020000 - 0x00007ffd7a1ec000 	C:\WINDOWS\SYSTEM32\urlmon.dll
0x00007ffd63d60000 - 0x00007ffd63d83000 	C:\WINDOWS\SYSTEM32\VCOMP110.DLL
0x00007ffd8a670000 - 0x00007ffd8a68d000 	C:\WINDOWS\System32\imagehlp.dll
0x00007ffd7ff70000 - 0x00007ffd7ff87000 	C:\WINDOWS\SYSTEM32\NETAPI32.dll
0x00007ffd7e7e0000 - 0x00007ffd7e7eb000 	C:\Xilinx\SDK\2015.2\lib\win64.o\libboost_chrono.dll
0x00007ffd63d90000 - 0x00007ffd63da6000 	C:\Xilinx\SDK\2015.2\lib\win64.o\libboost_iostreams.dll
0x00007ffd79d50000 - 0x00007ffd79fe9000 	C:\WINDOWS\SYSTEM32\iertutil.dll

VM Arguments:
jvm_args: -Dcom.xilinx.sdk.args.hwspec=C:/xup/embedded/lab10VGApart2/lab10VGApart2.sdk/lab10VGAdemoZSY_wrapper.hdf -Xms64m -Xmx512m & 
java_command: <unknown>
java_class_path (initial): C:\Xilinx\SDK\2015.2\eclipse\win64.o\\plugins/org.eclipse.equinox.launcher_1.3.0.v20130327-1440.jar
Launcher Type: generic

Environment Variables:
USERNAME=localmgr
OS=Windows_NT
PROCESSOR_IDENTIFIER=Intel64 Family 6 Model 60 Stepping 3, GenuineIntel



---------------  S Y S T E M  ---------------

OS: Windows 8 , 64 bit Build 9200 

CPU:total 8 (4 cores per cpu, 2 threads per core) family 6 model 60 stepping 3, cmov, cx8, fxsr, mmx, sse, sse2, sse3, ssse3, sse4.1, sse4.2, popcnt, avx, avx2, aes, clmul, erms, lzcnt, ht, tsc, tscinvbit, bmi1, bmi2

Memory: 4k page, physical 8005128k(3012036k free), swap 12985864k(6213276k free)

vm_info: Java HotSpot(TM) 64-Bit Server VM (25.25-b02) for windows-amd64 JRE (1.8.0_25-b18), built on Oct  7 2014 14:25:37 by "java_re" with MS VC++ 10.0 (VS2010)

time: Tue Jan 23 12:51:36 2018
elapsed time: 389 seconds (0d 0h 6m 29s)

