#-----------------------------------------------------------
# Webtalk v2015.2 (64-bit)
# SW Build 1266856 on Fri Jun 26 16:35:25 MDT 2015
# 
# Start of session at: Thu Dec 07 18:06:16 2017
# Process ID: 16732
# Log file: C:/xup/embedded/2015_2_zynq_labs/lab4/lab4.sdk/webtalk/webtalk.log
# Journal file: C:/xup/embedded/2015_2_zynq_labs/lab4/lab4.sdk/webtalk\webtalk.jou
#-----------------------------------------------------------
source sdk_webtalk.tcl
# webtalk_init -webtalk_dir C:\\xup\\embedded\\2015_2_zynq_labs\\lab4\\lab4.sdk\\webtalk
# webtalk_register_client -client project
# webtalk_add_data -client project -key date_generated -value "Thu Dec 7 18:06:15 2017" -context "software_version_and_target_device"
# webtalk_add_data -client project -key product_version -value "SDK v2015.2" -context "software_version_and_target_device"
# webtalk_add_data -client project -key build_version -value "2015.2" -context "software_version_and_target_device"
# webtalk_add_data -client project -key os_platform -value "amd64" -context "software_version_and_target_device"
# webtalk_add_data -client project -key registration_id -value "" -context "software_version_and_target_device"
# webtalk_add_data -client project -key tool_flow -value "SDK" -context "software_version_and_target_device"
# webtalk_add_data -client project -key beta -value "false" -context "software_version_and_target_device"
# webtalk_add_data -client project -key route_design -value "NA" -context "software_version_and_target_device"
# webtalk_add_data -client project -key target_family -value "NA" -context "software_version_and_target_device"
# webtalk_add_data -client project -key target_device -value "NA" -context "software_version_and_target_device"
# webtalk_add_data -client project -key target_package -value "NA" -context "software_version_and_target_device"
# webtalk_add_data -client project -key target_speed -value "NA" -context "software_version_and_target_device"
# webtalk_add_data -client project -key random_id -value "mi21iv2f5a1i2029tuh0tfbeot" -context "software_version_and_target_device"
# webtalk_add_data -client project -key project_id -value "2015.2_3" -context "software_version_and_target_device"
# webtalk_add_data -client project -key project_iteration -value "3" -context "software_version_and_target_device"
# webtalk_add_data -client project -key os_name -value "" -context "user_environment"
# webtalk_add_data -client project -key os_release -value "" -context "user_environment"
# webtalk_add_data -client project -key cpu_name -value "" -context "user_environment"
# webtalk_add_data -client project -key cpu_speed -value "" -context "user_environment"
# webtalk_add_data -client project -key total_processors -value "" -context "user_environment"
# webtalk_add_data -client project -key system_ram -value "" -context "user_environment"
# webtalk_register_client -client sdk
# webtalk_add_data -client sdk -key uid -value "1512671799604" -context "sdk\\\\hardware/1512671799604"
# webtalk_add_data -client sdk -key isZynq -value "true" -context "sdk\\\\hardware/1512671799604"
# webtalk_add_data -client sdk -key Processors -value "2" -context "sdk\\\\hardware/1512671799604"
# webtalk_add_data -client sdk -key VivadoVersion -value "2015.2" -context "sdk\\\\hardware/1512671799604"
# webtalk_add_data -client sdk -key Arch -value "zynq" -context "sdk\\\\hardware/1512671799604"
# webtalk_add_data -client sdk -key Device -value "7z010" -context "sdk\\\\hardware/1512671799604"
# webtalk_add_data -client sdk -key IsHandoff -value "true" -context "sdk\\\\hardware/1512671799604"
# webtalk_add_data -client sdk -key uid -value "1512672008729" -context "sdk\\\\bsp/1512672008729"
# webtalk_add_data -client sdk -key hwid -value "1512671799604" -context "sdk\\\\bsp/1512672008729"
# webtalk_add_data -client sdk -key os -value "standalone" -context "sdk\\\\bsp/1512672008729"
# webtalk_add_data -client sdk -key apptemplate -value "empty_application" -context "sdk\\\\bsp/1512672008729"
# webtalk_add_data -client sdk -key uid -value "1512672012164" -context "sdk\\\\application/1512672012164"
# webtalk_add_data -client sdk -key hwid -value "1512671799604" -context "sdk\\\\application/1512672012164"
# webtalk_add_data -client sdk -key bspid -value "1512672008729" -context "sdk\\\\application/1512672012164"
# webtalk_add_data -client sdk -key newbsp -value "true" -context "sdk\\\\application/1512672012164"
# webtalk_add_data -client sdk -key os -value "standalone" -context "sdk\\\\application/1512672012164"
# webtalk_add_data -client sdk -key apptemplate -value "empty_application" -context "sdk\\\\application/1512672012164"
# webtalk_transmit -clientid 1790877588 -regid "" -xml C:\\xup\\embedded\\2015_2_zynq_labs\\lab4\\lab4.sdk\\webtalk\\usage_statistics_ext_sdk.xml -html C:\\xup\\embedded\\2015_2_zynq_labs\\lab4\\lab4.sdk\\webtalk\\usage_statistics_ext_sdk.html -wdm C:\\xup\\embedded\\2015_2_zynq_labs\\lab4\\lab4.sdk\\webtalk\\sdk_webtalk.wdm -intro "<H3>SDK Usage Report</H3><BR>"
webtalk_transmit: Time (s): cpu = 00:00:00 ; elapsed = 00:00:13 . Memory (MB): peak = 55.594 ; gain = 0.004

    while executing
"webtalk_transmit -clientid 1790877588 -regid "" -xml C:\\xup\\embedded\\2015_2_zynq_labs\\lab4\\lab4.sdk\\webtalk\\usage_statistics_ext_sdk.xml -html ..."
    (file "sdk_webtalk.tcl" line 42)
INFO: [Common 17-206] Exiting Webtalk at Thu Dec 07 18:06:31 2017...
