
*** Running vivado
    with args -log system_wrapper.vdi -applog -m64 -messageDb vivado.pb -mode batch -source system_wrapper.tcl -notrace

WARNING: Default location for XILINX_VIVADO_HLS not found: 

****** Vivado v2015.2 (64-bit)
  **** SW Build 1266856 on Fri Jun 26 16:35:25 MDT 2015
  **** IP Build 1264090 on Wed Jun 24 14:22:01 MDT 2015
    ** Copyright 1986-2015 Xilinx, Inc. All Rights Reserved.

source system_wrapper.tcl -notrace
Design is defaulting to srcset: sources_1
Design is defaulting to constrset: constrs_1
INFO: [Netlist 29-17] Analyzing 132 Unisim elements for replacement
INFO: [Netlist 29-28] Unisim Transformation completed in 0 CPU seconds
INFO: [Project 1-479] Netlist was created with Vivado 2015.2
INFO: [Device 21-403] Loading part xc7z010clg400-1
INFO: [Project 1-570] Preparing netlist for logic optimization
Parsing XDC File [c:/xup/embedded/2015_2_zynq_labs/lab9pingpong/lab9pingpong.srcs/sources_1/bd/system/ip/system_processing_system7_0_0/system_processing_system7_0_0.xdc] for cell 'system_i/processing_system7_0/inst'
Finished Parsing XDC File [c:/xup/embedded/2015_2_zynq_labs/lab9pingpong/lab9pingpong.srcs/sources_1/bd/system/ip/system_processing_system7_0_0/system_processing_system7_0_0.xdc] for cell 'system_i/processing_system7_0/inst'
Parsing XDC File [c:/xup/embedded/2015_2_zynq_labs/lab9pingpong/lab9pingpong.srcs/sources_1/bd/system/ip/system_axi_gpio_0_0/system_axi_gpio_0_0_board.xdc] for cell 'system_i/switches/U0'
Finished Parsing XDC File [c:/xup/embedded/2015_2_zynq_labs/lab9pingpong/lab9pingpong.srcs/sources_1/bd/system/ip/system_axi_gpio_0_0/system_axi_gpio_0_0_board.xdc] for cell 'system_i/switches/U0'
Parsing XDC File [c:/xup/embedded/2015_2_zynq_labs/lab9pingpong/lab9pingpong.srcs/sources_1/bd/system/ip/system_axi_gpio_0_0/system_axi_gpio_0_0.xdc] for cell 'system_i/switches/U0'
Finished Parsing XDC File [c:/xup/embedded/2015_2_zynq_labs/lab9pingpong/lab9pingpong.srcs/sources_1/bd/system/ip/system_axi_gpio_0_0/system_axi_gpio_0_0.xdc] for cell 'system_i/switches/U0'
Parsing XDC File [c:/xup/embedded/2015_2_zynq_labs/lab9pingpong/lab9pingpong.srcs/sources_1/bd/system/ip/system_rst_processing_system7_0_100M_0/system_rst_processing_system7_0_100M_0_board.xdc] for cell 'system_i/rst_processing_system7_0_100M'
Finished Parsing XDC File [c:/xup/embedded/2015_2_zynq_labs/lab9pingpong/lab9pingpong.srcs/sources_1/bd/system/ip/system_rst_processing_system7_0_100M_0/system_rst_processing_system7_0_100M_0_board.xdc] for cell 'system_i/rst_processing_system7_0_100M'
Parsing XDC File [c:/xup/embedded/2015_2_zynq_labs/lab9pingpong/lab9pingpong.srcs/sources_1/bd/system/ip/system_rst_processing_system7_0_100M_0/system_rst_processing_system7_0_100M_0.xdc] for cell 'system_i/rst_processing_system7_0_100M'
Finished Parsing XDC File [c:/xup/embedded/2015_2_zynq_labs/lab9pingpong/lab9pingpong.srcs/sources_1/bd/system/ip/system_rst_processing_system7_0_100M_0/system_rst_processing_system7_0_100M_0.xdc] for cell 'system_i/rst_processing_system7_0_100M'
Parsing XDC File [c:/xup/embedded/2015_2_zynq_labs/lab9pingpong/lab9pingpong.srcs/sources_1/bd/system/ip/system_axi_gpio_0_1/system_axi_gpio_0_1_board.xdc] for cell 'system_i/buttons/U0'
Finished Parsing XDC File [c:/xup/embedded/2015_2_zynq_labs/lab9pingpong/lab9pingpong.srcs/sources_1/bd/system/ip/system_axi_gpio_0_1/system_axi_gpio_0_1_board.xdc] for cell 'system_i/buttons/U0'
Parsing XDC File [c:/xup/embedded/2015_2_zynq_labs/lab9pingpong/lab9pingpong.srcs/sources_1/bd/system/ip/system_axi_gpio_0_1/system_axi_gpio_0_1.xdc] for cell 'system_i/buttons/U0'
Finished Parsing XDC File [c:/xup/embedded/2015_2_zynq_labs/lab9pingpong/lab9pingpong.srcs/sources_1/bd/system/ip/system_axi_gpio_0_1/system_axi_gpio_0_1.xdc] for cell 'system_i/buttons/U0'
Parsing XDC File [c:/xup/embedded/2015_2_zynq_labs/lab9pingpong/lab9pingpong.srcs/sources_1/bd/system/ip/system_axi_timer_0_0/system_axi_timer_0_0.xdc] for cell 'system_i/axi_timer_0'
Finished Parsing XDC File [c:/xup/embedded/2015_2_zynq_labs/lab9pingpong/lab9pingpong.srcs/sources_1/bd/system/ip/system_axi_timer_0_0/system_axi_timer_0_0.xdc] for cell 'system_i/axi_timer_0'
Parsing XDC File [C:/xup/embedded/2015_2_zynq_labs/lab9pingpong/lab9pingpong.srcs/constrs_1/imports/lab3/lab3_zybo.xdc]
Finished Parsing XDC File [C:/xup/embedded/2015_2_zynq_labs/lab9pingpong/lab9pingpong.srcs/constrs_1/imports/lab3/lab3_zybo.xdc]
INFO: [Opt 31-138] Pushed 0 inverter(s) to 0 load pin(s).
Generating merged BMM file for the design top 'system_wrapper'...

INFO: [Project 1-111] Unisim Transformation Summary:
No Unisim elements were transformed.

link_design: Time (s): cpu = 00:00:07 ; elapsed = 00:00:07 . Memory (MB): peak = 484.969 ; gain = 287.484
Command: opt_design
Attempting to get a license for feature 'Implementation' and/or device 'xc7z010'
INFO: [Common 17-349] Got license for feature 'Implementation' and/or device 'xc7z010'
Running DRC as a precondition to command opt_design

Starting DRC Task
INFO: [DRC 23-27] Running DRC with 2 threads
INFO: [Project 1-461] DRC finished with 0 Errors
INFO: [Project 1-462] Please refer to the DRC report (report_drc) for more information.

Time (s): cpu = 00:00:00 ; elapsed = 00:00:00.125 . Memory (MB): peak = 484.969 ; gain = 0.000
INFO: [Timing 38-35] Done setting XDC timing constraints.

Starting Logic Optimization Task

Phase 1 Retarget

INFO: [Opt 31-138] Pushed 0 inverter(s) to 0 load pin(s).
INFO: [Opt 31-49] Retargeted 0 cell(s).
Phase 1 Retarget | Checksum: 1c3b09717

Time (s): cpu = 00:00:01 ; elapsed = 00:00:00.484 . Memory (MB): peak = 956.219 ; gain = 0.000

Phase 2 Constant Propagation
INFO: [Opt 31-138] Pushed 4 inverter(s) to 4 load pin(s).
INFO: [Opt 31-10] Eliminated 164 cells.
Phase 2 Constant Propagation | Checksum: 1abe7f67c

Time (s): cpu = 00:00:01 ; elapsed = 00:00:01 . Memory (MB): peak = 956.219 ; gain = 0.000

Phase 3 Sweep
INFO: [Opt 31-12] Eliminated 1018 unconnected nets.
INFO: [Opt 31-11] Eliminated 995 unconnected cells.
Phase 3 Sweep | Checksum: 111dd821a

Time (s): cpu = 00:00:02 ; elapsed = 00:00:02 . Memory (MB): peak = 956.219 ; gain = 0.000

Starting Connectivity Check Task

Time (s): cpu = 00:00:01 ; elapsed = 00:00:00.016 . Memory (MB): peak = 956.219 ; gain = 0.000
Ending Logic Optimization Task | Checksum: 111dd821a

Time (s): cpu = 00:00:03 ; elapsed = 00:00:02 . Memory (MB): peak = 956.219 ; gain = 0.000
Implement Debug Cores | Checksum: 17da028eb
Logic Optimization | Checksum: 17da028eb

Starting Power Optimization Task
INFO: [Pwropt 34-132] Skipping clock gating for clocks with a period < 3.13 ns.
INFO: [Pwropt 34-9] Applying IDT optimizations ...
INFO: [Pwropt 34-10] Applying ODC optimizations ...


Starting PowerOpt Patch Enables Task
INFO: [Pwropt 34-162] WRITE_MODE attribute of 0 BRAM(s) out of a total of 2 has been updated to save power. Run report_power_opt to get a complete listing of the BRAMs updated.
INFO: [Pwropt 34-201] Structural ODC has moved 0 WE to EN ports
Number of BRAM Ports augmented: 0 newly gated: 0 Total Ports: 4
Ending PowerOpt Patch Enables Task | Checksum: 111dd821a

Time (s): cpu = 00:00:00 ; elapsed = 00:00:00 . Memory (MB): peak = 956.219 ; gain = 0.000
Ending Power Optimization Task | Checksum: 111dd821a

Time (s): cpu = 00:00:00 ; elapsed = 00:00:00.609 . Memory (MB): peak = 956.219 ; gain = 0.000
INFO: [Common 17-83] Releasing license: Implementation
24 Infos, 0 Warnings, 0 Critical Warnings and 0 Errors encountered.
opt_design completed successfully
opt_design: Time (s): cpu = 00:00:14 ; elapsed = 00:00:14 . Memory (MB): peak = 956.219 ; gain = 471.250
Writing placer database...
Writing XDEF routing.
Writing XDEF routing logical nets.
Writing XDEF routing special nets.
Write XDEF Complete: Time (s): cpu = 00:00:00 ; elapsed = 00:00:00.062 . Memory (MB): peak = 956.219 ; gain = 0.000
INFO: [DRC 23-27] Running DRC with 2 threads
INFO: [Coretcl 2-168] The results of DRC are in file C:/xup/embedded/2015_2_zynq_labs/lab9pingpong/lab9pingpong.runs/impl_2/system_wrapper_drc_opted.rpt.
Command: place_design
Attempting to get a license for feature 'Implementation' and/or device 'xc7z010'
INFO: [Common 17-349] Got license for feature 'Implementation' and/or device 'xc7z010'
INFO: [DRC 23-27] Running DRC with 2 threads
INFO: [Vivado_Tcl 4-198] DRC finished with 0 Errors
INFO: [Vivado_Tcl 4-199] Please refer to the DRC report (report_drc) for more information.
Running DRC as a precondition to command place_design
INFO: [DRC 23-27] Running DRC with 2 threads
INFO: [Vivado_Tcl 4-198] DRC finished with 0 Errors
INFO: [Vivado_Tcl 4-199] Please refer to the DRC report (report_drc) for more information.

Starting Placer Task
INFO: [Place 30-611] Multithreading enabled for place_design using a maximum of 2 CPUs

Phase 1 Placer Runtime Estimator
Phase 1 Placer Runtime Estimator | Checksum: 1069a5b0e

Time (s): cpu = 00:00:00 ; elapsed = 00:00:00.063 . Memory (MB): peak = 956.219 ; gain = 0.000

Phase 2 Placer Initialization
Netlist sorting complete. Time (s): cpu = 00:00:00 ; elapsed = 00:00:00.015 . Memory (MB): peak = 956.219 ; gain = 0.000
Netlist sorting complete. Time (s): cpu = 00:00:00 ; elapsed = 00:00:00.015 . Memory (MB): peak = 956.219 ; gain = 0.000

Phase 2.1 IO Placement/ Clock Placement/ Build Placer Device

Phase 2.1.1 Pre-Place Cells
Phase 2.1.1 Pre-Place Cells | Checksum: 6288ef16

Time (s): cpu = 00:00:00 ; elapsed = 00:00:00.125 . Memory (MB): peak = 956.219 ; gain = 0.000
INFO: [Timing 38-35] Done setting XDC timing constraints.

Phase 2.1.2 IO & Clk Clean Up
Phase 2.1.2 IO & Clk Clean Up | Checksum: 6288ef16

Time (s): cpu = 00:00:02 ; elapsed = 00:00:02 . Memory (MB): peak = 978.195 ; gain = 21.977

Phase 2.1.3 Implementation Feasibility check On IDelay
Phase 2.1.3 Implementation Feasibility check On IDelay | Checksum: 6288ef16

Time (s): cpu = 00:00:02 ; elapsed = 00:00:02 . Memory (MB): peak = 978.195 ; gain = 21.977

Phase 2.1.4 Commit IO Placement
Phase 2.1.4 Commit IO Placement | Checksum: 4be74856

Time (s): cpu = 00:00:02 ; elapsed = 00:00:02 . Memory (MB): peak = 978.195 ; gain = 21.977
Phase 2.1 IO Placement/ Clock Placement/ Build Placer Device | Checksum: 9685b5b2

Time (s): cpu = 00:00:02 ; elapsed = 00:00:02 . Memory (MB): peak = 978.195 ; gain = 21.977

Phase 2.2 Build Placer Netlist Model

Phase 2.2.1 Place Init Design

Phase 2.2.1.1 Init Lut Pin Assignment
Phase 2.2.1.1 Init Lut Pin Assignment | Checksum: c9fd64b2

Time (s): cpu = 00:00:03 ; elapsed = 00:00:02 . Memory (MB): peak = 978.195 ; gain = 21.977
Phase 2.2.1 Place Init Design | Checksum: 12237760a

Time (s): cpu = 00:00:04 ; elapsed = 00:00:03 . Memory (MB): peak = 978.195 ; gain = 21.977
Phase 2.2 Build Placer Netlist Model | Checksum: 12237760a

Time (s): cpu = 00:00:04 ; elapsed = 00:00:03 . Memory (MB): peak = 978.195 ; gain = 21.977

Phase 2.3 Constrain Clocks/Macros

Phase 2.3.1 Constrain Global/Regional Clocks
Phase 2.3.1 Constrain Global/Regional Clocks | Checksum: 12237760a

Time (s): cpu = 00:00:04 ; elapsed = 00:00:03 . Memory (MB): peak = 978.195 ; gain = 21.977
Phase 2.3 Constrain Clocks/Macros | Checksum: 12237760a

Time (s): cpu = 00:00:04 ; elapsed = 00:00:03 . Memory (MB): peak = 978.195 ; gain = 21.977
Phase 2 Placer Initialization | Checksum: 12237760a

Time (s): cpu = 00:00:04 ; elapsed = 00:00:03 . Memory (MB): peak = 978.195 ; gain = 21.977

Phase 3 Global Placement
Phase 3 Global Placement | Checksum: 131ecc1fb

Time (s): cpu = 00:00:08 ; elapsed = 00:00:06 . Memory (MB): peak = 978.195 ; gain = 21.977

Phase 4 Detail Placement

Phase 4.1 Commit Multi Column Macros
Phase 4.1 Commit Multi Column Macros | Checksum: 131ecc1fb

Time (s): cpu = 00:00:08 ; elapsed = 00:00:06 . Memory (MB): peak = 978.195 ; gain = 21.977

Phase 4.2 Commit Most Macros & LUTRAMs
Phase 4.2 Commit Most Macros & LUTRAMs | Checksum: 132e651b4

Time (s): cpu = 00:00:10 ; elapsed = 00:00:07 . Memory (MB): peak = 978.195 ; gain = 21.977

Phase 4.3 Area Swap Optimization
Phase 4.3 Area Swap Optimization | Checksum: 211501001

Time (s): cpu = 00:00:10 ; elapsed = 00:00:07 . Memory (MB): peak = 978.195 ; gain = 21.977

Phase 4.4 updateClock Trees: DP
Phase 4.4 updateClock Trees: DP | Checksum: 211501001

Time (s): cpu = 00:00:10 ; elapsed = 00:00:07 . Memory (MB): peak = 978.195 ; gain = 21.977

Phase 4.5 Timing Path Optimizer
Phase 4.5 Timing Path Optimizer | Checksum: 1865a676d

Time (s): cpu = 00:00:10 ; elapsed = 00:00:07 . Memory (MB): peak = 978.195 ; gain = 21.977

Phase 4.6 Small Shape Detail Placement

Phase 4.6.1 Commit Small Macros & Core Logic

Phase 4.6.1.1 setBudgets
Phase 4.6.1.1 setBudgets | Checksum: 21fac5889

Time (s): cpu = 00:00:10 ; elapsed = 00:00:07 . Memory (MB): peak = 978.195 ; gain = 21.977

Phase 4.6.1.2 Commit Slice Clusters
Phase 4.6.1.2 Commit Slice Clusters | Checksum: 2141548b9

Time (s): cpu = 00:00:12 ; elapsed = 00:00:08 . Memory (MB): peak = 978.195 ; gain = 21.977
Phase 4.6.1 Commit Small Macros & Core Logic | Checksum: 2141548b9

Time (s): cpu = 00:00:12 ; elapsed = 00:00:08 . Memory (MB): peak = 978.195 ; gain = 21.977

Phase 4.6.2 Clock Restriction Legalization for Leaf Columns
Phase 4.6.2 Clock Restriction Legalization for Leaf Columns | Checksum: 2141548b9

Time (s): cpu = 00:00:12 ; elapsed = 00:00:08 . Memory (MB): peak = 978.195 ; gain = 21.977

Phase 4.6.3 Clock Restriction Legalization for Non-Clock Pins
Phase 4.6.3 Clock Restriction Legalization for Non-Clock Pins | Checksum: 2141548b9

Time (s): cpu = 00:00:12 ; elapsed = 00:00:08 . Memory (MB): peak = 978.195 ; gain = 21.977
Phase 4.6 Small Shape Detail Placement | Checksum: 2141548b9

Time (s): cpu = 00:00:12 ; elapsed = 00:00:08 . Memory (MB): peak = 978.195 ; gain = 21.977

Phase 4.7 Re-assign LUT pins
Phase 4.7 Re-assign LUT pins | Checksum: 2141548b9

Time (s): cpu = 00:00:12 ; elapsed = 00:00:09 . Memory (MB): peak = 978.195 ; gain = 21.977
Phase 4 Detail Placement | Checksum: 2141548b9

Time (s): cpu = 00:00:12 ; elapsed = 00:00:09 . Memory (MB): peak = 978.195 ; gain = 21.977

Phase 5 Post Placement Optimization and Clean-Up

Phase 5.1 PCOPT Shape updates
Phase 5.1 PCOPT Shape updates | Checksum: 1d67cb3bf

Time (s): cpu = 00:00:12 ; elapsed = 00:00:09 . Memory (MB): peak = 978.195 ; gain = 21.977

Phase 5.2 Post Commit Optimization

Phase 5.2.1 updateClock Trees: PCOPT
Phase 5.2.1 updateClock Trees: PCOPT | Checksum: 1d67cb3bf

Time (s): cpu = 00:00:12 ; elapsed = 00:00:09 . Memory (MB): peak = 978.195 ; gain = 21.977

Phase 5.2.2 Post Placement Optimization

Phase 5.2.2.1 Post Placement Timing Optimization
INFO: [Place 30-746] Post Placement Timing Summary WNS=1.871. For the most accurate timing information please run report_timing.
Phase 5.2.2.1 Post Placement Timing Optimization | Checksum: 1fc9cd7f8

Time (s): cpu = 00:00:13 ; elapsed = 00:00:09 . Memory (MB): peak = 978.195 ; gain = 21.977
Phase 5.2.2 Post Placement Optimization | Checksum: 1fc9cd7f8

Time (s): cpu = 00:00:13 ; elapsed = 00:00:09 . Memory (MB): peak = 978.195 ; gain = 21.977
Phase 5.2 Post Commit Optimization | Checksum: 1fc9cd7f8

Time (s): cpu = 00:00:13 ; elapsed = 00:00:09 . Memory (MB): peak = 978.195 ; gain = 21.977

Phase 5.3 Sweep Clock Roots: Post-Placement
Phase 5.3 Sweep Clock Roots: Post-Placement | Checksum: 1fc9cd7f8

Time (s): cpu = 00:00:13 ; elapsed = 00:00:09 . Memory (MB): peak = 978.195 ; gain = 21.977

Phase 5.4 Post Placement Cleanup
Phase 5.4 Post Placement Cleanup | Checksum: 1fc9cd7f8

Time (s): cpu = 00:00:13 ; elapsed = 00:00:09 . Memory (MB): peak = 978.195 ; gain = 21.977

Phase 5.5 Placer Reporting

Phase 5.5.1 Restore STA
Phase 5.5.1 Restore STA | Checksum: 1fc9cd7f8

Time (s): cpu = 00:00:13 ; elapsed = 00:00:09 . Memory (MB): peak = 978.195 ; gain = 21.977
Phase 5.5 Placer Reporting | Checksum: 1fc9cd7f8

Time (s): cpu = 00:00:13 ; elapsed = 00:00:09 . Memory (MB): peak = 978.195 ; gain = 21.977

Phase 5.6 Final Placement Cleanup
Phase 5.6 Final Placement Cleanup | Checksum: 1fd134a55

Time (s): cpu = 00:00:13 ; elapsed = 00:00:09 . Memory (MB): peak = 978.195 ; gain = 21.977
Phase 5 Post Placement Optimization and Clean-Up | Checksum: 1fd134a55

Time (s): cpu = 00:00:13 ; elapsed = 00:00:09 . Memory (MB): peak = 978.195 ; gain = 21.977
Ending Placer Task | Checksum: 1868e34b0

Time (s): cpu = 00:00:13 ; elapsed = 00:00:09 . Memory (MB): peak = 978.195 ; gain = 21.977
INFO: [Common 17-83] Releasing license: Implementation
37 Infos, 0 Warnings, 0 Critical Warnings and 0 Errors encountered.
place_design completed successfully
place_design: Time (s): cpu = 00:00:14 ; elapsed = 00:00:10 . Memory (MB): peak = 978.195 ; gain = 21.977
Writing placer database...
Writing XDEF routing.
Writing XDEF routing logical nets.
Writing XDEF routing special nets.
Write XDEF Complete: Time (s): cpu = 00:00:02 ; elapsed = 00:00:00.602 . Memory (MB): peak = 978.195 ; gain = 0.000
report_io: Time (s): cpu = 00:00:00 ; elapsed = 00:00:00.063 . Memory (MB): peak = 978.195 ; gain = 0.000
report_utilization: Time (s): cpu = 00:00:00 ; elapsed = 00:00:00.125 . Memory (MB): peak = 978.195 ; gain = 0.000
report_control_sets: Time (s): cpu = 00:00:00 ; elapsed = 00:00:00.015 . Memory (MB): peak = 978.195 ; gain = 0.000
Command: route_design
Attempting to get a license for feature 'Implementation' and/or device 'xc7z010'
INFO: [Common 17-349] Got license for feature 'Implementation' and/or device 'xc7z010'
Running DRC as a precondition to command route_design
INFO: [DRC 23-27] Running DRC with 2 threads
INFO: [Vivado_Tcl 4-198] DRC finished with 0 Errors
INFO: [Vivado_Tcl 4-199] Please refer to the DRC report (report_drc) for more information.


Starting Routing Task
INFO: [Route 35-254] Multithreading enabled for route_design using a maximum of 2 CPUs

Phase 1 Build RT Design
Phase 1 Build RT Design | Checksum: d70eb3a0

Time (s): cpu = 00:00:22 ; elapsed = 00:00:20 . Memory (MB): peak = 1010.879 ; gain = 32.684

Phase 2 Router Initialization

Phase 2.1 Create Timer
Phase 2.1 Create Timer | Checksum: d70eb3a0

Time (s): cpu = 00:00:22 ; elapsed = 00:00:20 . Memory (MB): peak = 1014.367 ; gain = 36.172

Phase 2.2 Pre Route Cleanup
Phase 2.2 Pre Route Cleanup | Checksum: d70eb3a0

Time (s): cpu = 00:00:22 ; elapsed = 00:00:20 . Memory (MB): peak = 1020.703 ; gain = 42.508
 Number of Nodes with overlaps = 0

Phase 2.3 Update Timing
Phase 2.3 Update Timing | Checksum: 179bdfeed

Time (s): cpu = 00:00:25 ; elapsed = 00:00:21 . Memory (MB): peak = 1033.930 ; gain = 55.734
INFO: [Route 35-57] Estimated Timing Summary | WNS=1.987  | TNS=0.000  | WHS=-0.335 | THS=-63.230|

Phase 2 Router Initialization | Checksum: 128988046

Time (s): cpu = 00:00:26 ; elapsed = 00:00:22 . Memory (MB): peak = 1033.930 ; gain = 55.734

Phase 3 Initial Routing
Phase 3 Initial Routing | Checksum: 12e13e494

Time (s): cpu = 00:00:26 ; elapsed = 00:00:22 . Memory (MB): peak = 1033.930 ; gain = 55.734

Phase 4 Rip-up And Reroute

Phase 4.1 Global Iteration 0
 Number of Nodes with overlaps = 512
 Number of Nodes with overlaps = 20
 Number of Nodes with overlaps = 4
 Number of Nodes with overlaps = 3
 Number of Nodes with overlaps = 0

Phase 4.1.1 Update Timing
Phase 4.1.1 Update Timing | Checksum: 2084a0f2d

Time (s): cpu = 00:00:30 ; elapsed = 00:00:24 . Memory (MB): peak = 1033.930 ; gain = 55.734
INFO: [Route 35-57] Estimated Timing Summary | WNS=1.563  | TNS=0.000  | WHS=N/A    | THS=N/A    |

Phase 4.1 Global Iteration 0 | Checksum: fb5590c3

Time (s): cpu = 00:00:30 ; elapsed = 00:00:24 . Memory (MB): peak = 1033.930 ; gain = 55.734
Phase 4 Rip-up And Reroute | Checksum: fb5590c3

Time (s): cpu = 00:00:30 ; elapsed = 00:00:24 . Memory (MB): peak = 1033.930 ; gain = 55.734

Phase 5 Delay and Skew Optimization

Phase 5.1 Delay CleanUp

Phase 5.1.1 Update Timing
Phase 5.1.1 Update Timing | Checksum: 1c8a017d1

Time (s): cpu = 00:00:30 ; elapsed = 00:00:24 . Memory (MB): peak = 1033.930 ; gain = 55.734
INFO: [Route 35-57] Estimated Timing Summary | WNS=1.678  | TNS=0.000  | WHS=N/A    | THS=N/A    |

Phase 5.1 Delay CleanUp | Checksum: 1c8a017d1

Time (s): cpu = 00:00:30 ; elapsed = 00:00:24 . Memory (MB): peak = 1033.930 ; gain = 55.734

Phase 5.2 Clock Skew Optimization
Phase 5.2 Clock Skew Optimization | Checksum: 1c8a017d1

Time (s): cpu = 00:00:30 ; elapsed = 00:00:24 . Memory (MB): peak = 1033.930 ; gain = 55.734
Phase 5 Delay and Skew Optimization | Checksum: 1c8a017d1

Time (s): cpu = 00:00:30 ; elapsed = 00:00:24 . Memory (MB): peak = 1033.930 ; gain = 55.734

Phase 6 Post Hold Fix

Phase 6.1 Update Timing
Phase 6.1 Update Timing | Checksum: 1eec95462

Time (s): cpu = 00:00:31 ; elapsed = 00:00:25 . Memory (MB): peak = 1033.930 ; gain = 55.734
INFO: [Route 35-57] Estimated Timing Summary | WNS=1.678  | TNS=0.000  | WHS=0.034  | THS=0.000  |

Phase 6 Post Hold Fix | Checksum: 13131b531

Time (s): cpu = 00:00:31 ; elapsed = 00:00:25 . Memory (MB): peak = 1033.930 ; gain = 55.734

Phase 7 Route finalize

Router Utilization Summary
  Global Vertical Routing Utilization    = 1.93018 %
  Global Horizontal Routing Utilization  = 2.40487 %
  Routable Net Status*
  *Does not include unroutable nets such as driverless and loadless.
  Run report_route_status for detailed report.
  Number of Failed Nets               = 0
  Number of Unrouted Nets             = 0
  Number of Partially Routed Nets     = 0
  Number of Node Overlaps             = 0

Phase 7 Route finalize | Checksum: 1e415de67

Time (s): cpu = 00:00:31 ; elapsed = 00:00:25 . Memory (MB): peak = 1033.930 ; gain = 55.734

Phase 8 Verifying routed nets

 Verification completed successfully
Phase 8 Verifying routed nets | Checksum: 1e415de67

Time (s): cpu = 00:00:31 ; elapsed = 00:00:25 . Memory (MB): peak = 1033.930 ; gain = 55.734

Phase 9 Depositing Routes
Phase 9 Depositing Routes | Checksum: 170a53692

Time (s): cpu = 00:00:31 ; elapsed = 00:00:25 . Memory (MB): peak = 1033.930 ; gain = 55.734

Phase 10 Post Router Timing
INFO: [Route 35-57] Estimated Timing Summary | WNS=1.678  | TNS=0.000  | WHS=0.034  | THS=0.000  |

INFO: [Route 35-327] The final timing numbers are based on the router estimated timing analysis. For a complete and accurate timing signoff, please run report_timing_summary.
Phase 10 Post Router Timing | Checksum: 170a53692

Time (s): cpu = 00:00:31 ; elapsed = 00:00:25 . Memory (MB): peak = 1033.930 ; gain = 55.734
INFO: [Route 35-16] Router Completed Successfully

Time (s): cpu = 00:00:31 ; elapsed = 00:00:25 . Memory (MB): peak = 1033.930 ; gain = 55.734

Routing Is Done.
INFO: [Common 17-83] Releasing license: Implementation
50 Infos, 0 Warnings, 0 Critical Warnings and 0 Errors encountered.
route_design completed successfully
route_design: Time (s): cpu = 00:00:32 ; elapsed = 00:00:26 . Memory (MB): peak = 1033.930 ; gain = 55.734
Writing placer database...
Writing XDEF routing.
Writing XDEF routing logical nets.
Writing XDEF routing special nets.
Write XDEF Complete: Time (s): cpu = 00:00:02 ; elapsed = 00:00:00.736 . Memory (MB): peak = 1033.930 ; gain = 0.000
INFO: [DRC 23-27] Running DRC with 2 threads
INFO: [Coretcl 2-168] The results of DRC are in file C:/xup/embedded/2015_2_zynq_labs/lab9pingpong/lab9pingpong.runs/impl_2/system_wrapper_drc_routed.rpt.
INFO: [Timing 38-91] UpdateTimingParams: Speed grade: -1, Delay Type: min_max.
INFO: [Timing 38-191] Multithreading enabled for timing update using a maximum of 2 CPUs
Running Vector-less Activity Propagation...

Finished Running Vector-less Activity Propagation
Attempting to get a license for feature 'Implementation' and/or device 'xc7z010'
INFO: [Common 17-349] Got license for feature 'Implementation' and/or device 'xc7z010'
Running DRC as a precondition to command write_bitstream
INFO: [DRC 23-27] Running DRC with 2 threads
INFO: [Vivado 12-3199] DRC finished with 0 Errors
INFO: [Vivado 12-3200] Please refer to the DRC report (report_drc) for more information.
Loading data files...
Loading site data...
Loading route data...
Processing options...
Creating bitmap...
Creating bitstream...
Writing bitstream ./system_wrapper.bit...
INFO: [Vivado 12-1842] Bitgen Completed Successfully.
INFO: [Project 1-118] WebTalk data collection is enabled (User setting is ON. Install Setting is ON.).
INFO: [Common 17-186] 'C:/xup/embedded/2015_2_zynq_labs/lab9pingpong/lab9pingpong.runs/impl_2/usage_statistics_webtalk.xml' has been successfully sent to Xilinx on Sun Jan 14 18:46:42 2018. For additional details about this file, please refer to the WebTalk help file at C:/Xilinx/Vivado/2015.2/doc/webtalk_introduction.html.
INFO: [Common 17-83] Releasing license: Implementation
write_bitstream: Time (s): cpu = 00:00:21 ; elapsed = 00:00:22 . Memory (MB): peak = 1383.488 ; gain = 331.648
INFO: [Common 17-206] Exiting Vivado at Sun Jan 14 18:46:42 2018...
