19:12:20 INFO  : Launching XSDB server: xsdb.bat -s C:/Xilinx/SDK/2015.2/scripts/xsdb/xsdb/xsdb-server.tcl
19:12:21 INFO  : Processing command line option -hwspec C:/xup/embedded/lab10VGAdemoZSY/lab10VGAdemoZSY.sdk/lab10VGAdemoZSY_wrapper.hdf.
19:12:22 INFO  : XSDB server has started successfully.
19:29:41 INFO  : Launching XSDB server: xsdb.bat -s C:/Xilinx/SDK/2015.2/scripts/xsdb/xsdb/xsdb-server.tcl
19:29:42 INFO  : XSDB server has started successfully.
19:29:43 INFO  : Processing command line option -hwspec C:/xup/embedded/lab10VGAdemoZSY/lab10VGAdemoZSY.sdk/lab10VGAdemoZSY_wrapper.hdf.
19:29:44 INFO  : Checking for hwspec changes in the project lab10VGAdemoZSY_wrapper_hw_platform_0.
19:31:11 INFO  : Connected to target on host '127.0.0.1' and port '3121'.
19:31:11 INFO  : 'targets -set -filter {jtag_cable_name =~ "Digilent Zybo 210279758556A" && level==0} -index 1' command is executed.
19:31:12 INFO  : FPGA configured successfully with bitstream "C:/xup/embedded/lab10VGAdemoZSY/lab10VGAdemoZSY.sdk/lab10VGAdemoZSY_wrapper_hw_platform_0/lab10VGAdemoZSY_wrapper.bit"
19:31:39 INFO  : ps7_init is completed.
19:31:39 INFO  : ps7_post_config is completed.
19:31:40 INFO  : Processor reset is completed for ps7_cortexa9_0
19:32:20 ERROR : Unexpected error while parsing XMD response ?: com.google.gson.JsonSyntaxException: com.google.gson.stream.MalformedJsonException: invalid number or unquoted string near 
13:34:28 INFO  : Launching XSDB server: xsdb.bat -s C:/Xilinx/SDK/2015.2/scripts/xsdb/xsdb/xsdb-server.tcl
13:34:29 INFO  : XSDB server has started successfully.
13:34:30 INFO  : Processing command line option -hwspec C:/xup/embedded/lab10VGAdemoZSY/lab10VGAdemoZSY.sdk/lab10VGAdemoZSY_wrapper.hdf.
13:34:31 INFO  : Checking for hwspec changes in the project lab10VGAdemoZSY_wrapper_hw_platform_0.
13:35:01 INFO  : Connected to target on host '127.0.0.1' and port '3121'.
13:35:01 INFO  : 'targets -set -filter {jtag_cable_name =~ "Digilent Zybo 210279758556A" && level==0} -index 1' command is executed.
13:35:03 INFO  : FPGA configured successfully with bitstream "C:/xup/embedded/lab10VGAdemoZSY/lab10VGAdemoZSY.sdk/lab10VGAdemoZSY_wrapper_hw_platform_0/lab10VGAdemoZSY_wrapper.bit"
13:35:19 INFO  : ps7_init is completed.
13:35:19 INFO  : ps7_post_config is completed.
13:35:19 INFO  : Processor reset is completed for ps7_cortexa9_0
13:36:18 INFO  : ps7_cortexa9_0 Processor is in use. Please stop existing Run or Debug sessions before launching.
13:36:20 INFO  : Processor reset is completed for ps7_cortexa9_0
13:37:27 INFO  : ps7_cortexa9_0 Processor is in use. Please stop existing Run or Debug sessions before launching.
13:37:28 INFO  : Processor reset is completed for ps7_cortexa9_0
13:39:40 ERROR : Unexpected error while parsing XMD response ?: com.google.gson.JsonSyntaxException: com.google.gson.stream.MalformedJsonException: invalid number or unquoted string near 
10:51:51 INFO  : Launching XSDB server: xsdb.bat -s C:/Xilinx/SDK/2015.2/scripts/xsdb/xsdb/xsdb-server.tcl
10:51:53 INFO  : XSDB server has started successfully.
10:51:54 INFO  : Processing command line option -hwspec C:/xup/embedded/lab10VGApart2/lab10VGApart2.sdk/lab10VGAdemoZSY_wrapper.hdf.
13:35:56 INFO  : Launching XSDB server: xsdb.bat -s C:/Xilinx/SDK/2015.2/scripts/xsdb/xsdb/xsdb-server.tcl
13:35:57 INFO  : Processing command line option -hwspec C:/xup/embedded/lab10VGApart2/lab10VGApart2.sdk/lab10VGAdemoZSY_wrapper.hdf.
13:35:58 INFO  : Checking for hwspec changes in the project lab10VGAdemoZSY_wrapper_hw_platform_1.
13:35:58 INFO  : XSDB server has started successfully.
13:36:33 INFO  : Launching XSDB server: xsdb.bat -s C:/Xilinx/SDK/2015.2/scripts/xsdb/xsdb/xsdb-server.tcl
13:36:34 INFO  : XSDB server has started successfully.
13:36:35 INFO  : Processing command line option -hwspec C:/xup/embedded/lab10VGApart2/lab10VGApart2.sdk/lab10VGAdemoZSY_wrapper.hdf.
13:36:36 INFO  : Checking for hwspec changes in the project lab10VGAdemoZSY_wrapper_hw_platform_1.
13:38:55 INFO  : Connected to target on host '127.0.0.1' and port '3121'.
13:38:55 INFO  : 'targets -set -filter {jtag_cable_name =~ "Digilent Zybo 210279758556A" && level==0} -index 1' command is executed.
13:38:57 INFO  : FPGA configured successfully with bitstream "C:/xup/embedded/lab10VGApart2/lab10VGApart2.sdk/lab10VGAdemoZSY_wrapper_hw_platform_0/lab10VGAdemoZSY_wrapper.bit"
13:39:16 INFO  : ps7_init is completed.
13:39:16 INFO  : ps7_post_config is completed.
13:39:16 INFO  : Processor reset is completed for ps7_cortexa9_0
13:39:30 INFO  : ps7_cortexa9_0 Processor is in use. Please stop existing Run or Debug sessions before launching.
13:39:32 INFO  : Processor reset is completed for ps7_cortexa9_0
13:41:20 INFO  : ps7_cortexa9_0 Processor is in use. Please stop existing Run or Debug sessions before launching.
13:41:22 INFO  : Processor reset is completed for ps7_cortexa9_0
13:42:02 INFO  : ps7_init is completed.
13:42:02 INFO  : ps7_post_config is completed.
13:42:02 INFO  : Processor reset is completed for ps7_cortexa9_0
13:42:16 INFO  : Connected to target on host '127.0.0.1' and port '3121'.
13:42:17 INFO  : 'targets -set -filter {jtag_cable_name =~ "Digilent Zybo 210279758556A" && level==0} -index 1' command is executed.
13:42:18 INFO  : FPGA configured successfully with bitstream "C:/xup/embedded/lab10VGApart2/lab10VGApart2.sdk/lab10VGAdemoZSY_wrapper_hw_platform_0/lab10VGAdemoZSY_wrapper.bit"
13:42:40 INFO  : ps7_cortexa9_0 Processor is in use. Please stop existing Run or Debug sessions before launching.
13:42:48 ERROR : Unexpected error while launching program.
java.lang.RuntimeException: Error in Resetting Target

    Could not stop the processor after reset


	at com.xilinx.sdk.targetmanager.internal.TM.doProcessorReset(TM.java:995)
	at com.xilinx.sdk.debug.core.XilinxAppLaunchConfigurationDelegate.runTargetSetup(XilinxAppLaunchConfigurationDelegate.java:506)
	at com.xilinx.sdk.debug.core.XilinxAppLaunchConfigurationDelegate.runApplication(XilinxAppLaunchConfigurationDelegate.java:588)
	at com.xilinx.sdk.debug.core.XilinxAppLaunchConfigurationDelegate.launch(XilinxAppLaunchConfigurationDelegate.java:296)
	at com.xilinx.sdk.debug.ui.XilinxAppLaunchDelegateWrapper.launch(XilinxAppLaunchDelegateWrapper.java:31)
	at org.eclipse.debug.internal.core.LaunchConfiguration.launch(LaunchConfiguration.java:858)
	at org.eclipse.debug.internal.core.LaunchConfiguration.launch(LaunchConfiguration.java:707)
	at org.eclipse.debug.internal.ui.DebugUIPlugin.buildAndLaunch(DebugUIPlugin.java:1018)
	at org.eclipse.debug.internal.ui.DebugUIPlugin$8.run(DebugUIPlugin.java:1222)
	at org.eclipse.core.internal.jobs.Worker.run(Worker.java:53)
13:43:09 INFO  : Connected to target on host '127.0.0.1' and port '3121'.
13:43:09 INFO  : 'targets -set -filter {jtag_cable_name =~ "Digilent Zybo 210279758556A" && level==0} -index 1' command is executed.
13:43:10 INFO  : FPGA configured successfully with bitstream "C:/xup/embedded/lab10VGApart2/lab10VGApart2.sdk/lab10VGAdemoZSY_wrapper_hw_platform_1/lab10VGAdemoZSY_wrapper.bit"
13:43:27 INFO  : ps7_init is completed.
13:43:27 INFO  : ps7_post_config is completed.
13:43:27 INFO  : Processor reset is completed for ps7_cortexa9_0
13:43:47 INFO  : ps7_cortexa9_0 Processor is in use. Please stop existing Run or Debug sessions before launching.
13:43:51 INFO  : Processor reset is completed for ps7_cortexa9_0
13:44:12 INFO  : ps7_cortexa9_0 Processor is in use. Please stop existing Run or Debug sessions before launching.
13:44:15 INFO  : Processor reset is completed for ps7_cortexa9_0
13:52:41 INFO  : ps7_cortexa9_0 Processor is in use. Please stop existing Run or Debug sessions before launching.
13:52:43 INFO  : Processor reset is completed for ps7_cortexa9_0
13:55:41 INFO  : ps7_cortexa9_0 Processor is in use. Please stop existing Run or Debug sessions before launching.
13:55:44 INFO  : Processor reset is completed for ps7_cortexa9_0
13:57:40 INFO  : ps7_cortexa9_0 Processor is in use. Please stop existing Run or Debug sessions before launching.
13:57:43 INFO  : Processor reset is completed for ps7_cortexa9_0
14:06:49 INFO  : ps7_cortexa9_0 Processor is in use. Please stop existing Run or Debug sessions before launching.
14:06:52 INFO  : Processor reset is completed for ps7_cortexa9_0
14:08:25 INFO  : ps7_cortexa9_0 Processor is in use. Please stop existing Run or Debug sessions before launching.
14:08:27 INFO  : Processor reset is completed for ps7_cortexa9_0
14:09:58 INFO  : ps7_cortexa9_0 Processor is in use. Please stop existing Run or Debug sessions before launching.
14:10:00 INFO  : Processor reset is completed for ps7_cortexa9_0
14:11:23 INFO  : ps7_cortexa9_0 Processor is in use. Please stop existing Run or Debug sessions before launching.
14:11:26 INFO  : Processor reset is completed for ps7_cortexa9_0
14:13:16 INFO  : ps7_cortexa9_0 Processor is in use. Please stop existing Run or Debug sessions before launching.
14:13:18 INFO  : Processor reset is completed for ps7_cortexa9_0
14:14:48 INFO  : ps7_cortexa9_0 Processor is in use. Please stop existing Run or Debug sessions before launching.
14:14:50 INFO  : Processor reset is completed for ps7_cortexa9_0
14:20:57 INFO  : ps7_cortexa9_0 Processor is in use. Please stop existing Run or Debug sessions before launching.
14:20:58 INFO  : Processor reset is completed for ps7_cortexa9_0
14:22:21 INFO  : ps7_cortexa9_0 Processor is in use. Please stop existing Run or Debug sessions before launching.
14:22:28 INFO  : Connected to target on host '127.0.0.1' and port '3121'.
14:22:28 INFO  : 'targets -set -filter {jtag_cable_name =~ "Digilent Zybo 210279758556A" && level==0} -index 1' command is executed.
14:22:30 INFO  : FPGA configured successfully with bitstream "C:/xup/embedded/lab10VGApart2/lab10VGApart2.sdk/lab10VGAdemoZSY_wrapper_hw_platform_0/lab10VGAdemoZSY_wrapper.bit"
14:22:36 INFO  : ps7_cortexa9_0 Processor is in use. Please stop existing Run or Debug sessions before launching.
14:22:38 INFO  : Processor reset is completed for ps7_cortexa9_0
14:23:33 INFO  : ps7_cortexa9_0 Processor is in use. Please stop existing Run or Debug sessions before launching.
14:23:35 INFO  : System reset is completed.
14:23:37 INFO  : FPGA configured successfully with bitstream "C:/xup/embedded/lab10VGApart2/lab10VGApart2.sdk/lab10VGAdemoZSY_wrapper_hw_platform_0/lab10VGAdemoZSY_wrapper.bit"
14:23:38 INFO  : ps7_init is completed.
14:23:38 INFO  : ps7_post_config is completed.
16:17:16 INFO  : Connected to target on host '127.0.0.1' and port '3121'.
16:17:16 INFO  : 'targets -set -filter {jtag_cable_name =~ "Digilent Zybo 210279758556A" && level==0} -index 1' command is executed.
16:17:18 INFO  : FPGA configured successfully with bitstream "C:/xup/embedded/lab10VGApart2/lab10VGApart2.sdk/lab10VGAdemoZSY_wrapper_hw_platform_0/lab10VGAdemoZSY_wrapper.bit"
16:17:31 INFO  : System reset is completed.
16:17:33 INFO  : FPGA configured successfully with bitstream "C:/xup/embedded/lab10VGApart2/lab10VGApart2.sdk/lab10VGAdemoZSY_wrapper_hw_platform_0/lab10VGAdemoZSY_wrapper.bit"
16:17:34 INFO  : ps7_init is completed.
16:17:34 INFO  : ps7_post_config is completed.
16:18:06 INFO  : ps7_cortexa9_0 Processor is in use. Please stop existing Run or Debug sessions before launching.
16:18:08 INFO  : System reset is completed.
16:18:10 INFO  : FPGA configured successfully with bitstream "C:/xup/embedded/lab10VGApart2/lab10VGApart2.sdk/lab10VGAdemoZSY_wrapper_hw_platform_0/lab10VGAdemoZSY_wrapper.bit"
16:18:11 INFO  : ps7_init is completed.
16:18:11 INFO  : ps7_post_config is completed.
16:19:45 INFO  : ps7_cortexa9_0 Processor is in use. Please stop existing Run or Debug sessions before launching.
16:19:49 INFO  : System reset is completed.
16:19:50 INFO  : FPGA configured successfully with bitstream "C:/xup/embedded/lab10VGApart2/lab10VGApart2.sdk/lab10VGAdemoZSY_wrapper_hw_platform_0/lab10VGAdemoZSY_wrapper.bit"
16:19:51 INFO  : ps7_init is completed.
16:19:51 INFO  : ps7_post_config is completed.
16:33:41 INFO  : ps7_cortexa9_0 Processor is in use. Please stop existing Run or Debug sessions before launching.
16:33:46 INFO  : Processor reset is completed for ps7_cortexa9_0
16:34:14 INFO  : ps7_cortexa9_0 Processor is in use. Please stop existing Run or Debug sessions before launching.
16:34:15 INFO  : Processor reset is completed for ps7_cortexa9_0
16:34:34 INFO  : ps7_cortexa9_0 Processor is in use. Please stop existing Run or Debug sessions before launching.
16:34:37 INFO  : Processor reset is completed for ps7_cortexa9_0
16:43:17 INFO  : Inferring section assignments and sizes from elf file: C:\xup\embedded\lab10VGApart2\lab10VGApart2.sdk\myownlab10_\Debug\myownlab10_.elf
16:44:20 INFO  : Successfully generated C:\xup\embedded\lab10VGApart2\lab10VGApart2.sdk\myownlab10_\src\lscript.ld.
16:44:20 INFO  : Applying linker script to all configurations of project myownlab10_.
16:44:20 INFO  : Setting rebuild state to true for all configurations of project myownlab10_.
16:44:28 INFO  : ps7_cortexa9_0 Processor is in use. Please stop existing Run or Debug sessions before launching.
16:44:30 INFO  : Processor reset is completed for ps7_cortexa9_0
16:54:52 INFO  : Launching XSDB server: xsdb.bat -s C:/Xilinx/SDK/2015.2/scripts/xsdb/xsdb/xsdb-server.tcl
16:54:54 INFO  : XSDB server has started successfully.
16:54:57 INFO  : Processing command line option -hwspec C:/xup/embedded/lab10VGApart2/lab10VGApart2.sdk/lab10VGAdemoZSY_wrapper.hdf.
16:55:01 INFO  : Checking for hwspec changes in the project lab10VGAdemoZSY_wrapper_hw_platform_1.
17:04:39 INFO  : System reset is completed.
17:04:41 INFO  : FPGA configured successfully with bitstream "C:/xup/embedded/lab10VGApart2/lab10VGApart2.sdk/lab10VGAdemoZSY_wrapper_hw_platform_0/lab10VGAdemoZSY_wrapper.bit"
17:04:42 INFO  : ps7_init is completed.
17:04:42 INFO  : ps7_post_config is completed.
17:04:57 INFO  : Connected to target on host '127.0.0.1' and port '3121'.
17:04:57 INFO  : 'targets -set -filter {jtag_cable_name =~ "Digilent Zybo 210279758556A" && level==0} -index 1' command is executed.
17:04:58 INFO  : FPGA configured successfully with bitstream "C:/xup/embedded/lab10VGApart2/lab10VGApart2.sdk/lab10VGAdemoZSY_wrapper_hw_platform_0/lab10VGAdemoZSY_wrapper.bit"
17:05:04 INFO  : ps7_cortexa9_0 Processor is in use. Please stop existing Run or Debug sessions before launching.
17:05:06 INFO  : System reset is completed.
17:05:08 INFO  : FPGA configured successfully with bitstream "C:/xup/embedded/lab10VGApart2/lab10VGApart2.sdk/lab10VGAdemoZSY_wrapper_hw_platform_0/lab10VGAdemoZSY_wrapper.bit"
17:05:08 INFO  : ps7_init is completed.
17:05:08 INFO  : ps7_post_config is completed.
17:06:35 INFO  : ps7_cortexa9_0 Processor is in use. Please stop existing Run or Debug sessions before launching.
17:06:37 INFO  : Processor reset is completed for ps7_cortexa9_0
18:29:07 INFO  : Launching XSDB server: xsdb.bat -s C:/Xilinx/SDK/2015.2/scripts/xsdb/xsdb/xsdb-server.tcl
18:29:08 INFO  : XSDB server has started successfully.
18:29:09 INFO  : Processing command line option -hwspec C:/xup/embedded/lab10VGApart2/lab10VGApart2.sdk/lab10VGAdemoZSY_wrapper.hdf.
18:29:10 INFO  : Checking for hwspec changes in the project lab10VGAdemoZSY_wrapper_hw_platform_1.
18:31:44 INFO  : Launching XSDB server: xsdb.bat -s C:/Xilinx/SDK/2015.2/scripts/xsdb/xsdb/xsdb-server.tcl
18:31:45 INFO  : XSDB server has started successfully.
18:31:46 INFO  : Processing command line option -hwspec C:/xup/embedded/lab10VGApart2/lab10VGApart2.sdk/lab10VGAdemoZSY_wrapper.hdf.
18:31:47 INFO  : Checking for hwspec changes in the project lab10VGAdemoZSY_wrapper_hw_platform_1.
18:42:54 INFO  : Inferring section assignments and sizes from elf file: C:\xup\embedded\lab10VGApart2\lab10VGApart2.sdk\lab10Part1\Debug\lab10Part1.elf
18:43:18 INFO  : Successfully generated C:\xup\embedded\lab10VGApart2\lab10VGApart2.sdk\lab10Part1\src\lscript.ld.
18:43:18 INFO  : Applying linker script to all configurations of project lab10Part1.
18:43:18 INFO  : Setting rebuild state to true for all configurations of project lab10Part1.
18:44:06 INFO  : Refreshed build settings on project lab10Part1
18:45:08 INFO  : Launching XSDB server: xsdb.bat -s C:/Xilinx/SDK/2015.2/scripts/xsdb/xsdb/xsdb-server.tcl
18:45:09 INFO  : Processing command line option -hwspec C:/xup/embedded/lab10VGApart2/lab10VGApart2.sdk/lab10VGAdemoZSY_wrapper.hdf.
18:45:10 INFO  : Checking for hwspec changes in the project lab10VGAdemoZSY_wrapper_hw_platform_1.
18:45:10 INFO  : XSDB server has started successfully.
18:45:43 INFO  : Launching XSDB server: xsdb.bat -s C:/Xilinx/SDK/2015.2/scripts/xsdb/xsdb/xsdb-server.tcl
18:45:44 INFO  : XSDB server has started successfully.
18:45:45 INFO  : Processing command line option -hwspec C:/xup/embedded/lab10VGApart2/lab10VGApart2.sdk/lab10VGAdemoZSY_wrapper.hdf.
18:45:46 INFO  : Checking for hwspec changes in the project lab10VGAdemoZSY_wrapper_hw_platform_1.
18:46:50 INFO  : No changes in MSS file content so not generating sources.
18:51:15 INFO  : Invoking Bootgen: bootgen -image donotexit.bif -o C:\xup\embedded\2015_2_zynq_labs\lab5\image\BOOT.bin
18:51:15 INFO  : Creating new bif file C:\xup\embedded\2015_2_zynq_labs\lab5\image\donotexit.bif
18:51:16 INFO  : Bootgen command execution is done.
11:59:34 INFO  : Launching XSDB server: xsdb.bat -s C:/Xilinx/SDK/2015.2/scripts/xsdb/xsdb/xsdb-server.tcl
11:59:35 INFO  : XSDB server has started successfully.
11:59:36 INFO  : Processing command line option -hwspec C:/xup/embedded/lab10VGApart2/lab10VGApart2.sdk/lab10VGAdemoZSY_wrapper.hdf.
12:33:56 INFO  : Connected to target on host '127.0.0.1' and port '3121'.
12:33:56 INFO  : 'targets -set -filter {jtag_cable_name =~ "Digilent Zybo 210279758556A" && level==0} -index 1' command is executed.
12:33:57 INFO  : FPGA configured successfully with bitstream "C:/xup/embedded/lab10VGApart2/lab10VGApart2.sdk/lab10VGAdemoZSY_wrapper_hw_platform_0/lab10VGAdemoZSY_wrapper.bit"
12:34:14 INFO  : System reset is completed.
12:34:15 INFO  : FPGA configured successfully with bitstream "C:/xup/embedded/lab10VGApart2/lab10VGApart2.sdk/lab10VGAdemoZSY_wrapper_hw_platform_0/lab10VGAdemoZSY_wrapper.bit"
12:34:16 INFO  : ps7_init is completed.
12:34:16 INFO  : ps7_post_config is completed.
12:35:58 ERROR : Unexpected error while parsing XMD response ?: com.google.gson.JsonSyntaxException: com.google.gson.stream.MalformedJsonException: invalid number or unquoted string near 
12:37:30 INFO  : Launching XSDB server: xsdb.bat -s C:/Xilinx/SDK/2015.2/scripts/xsdb/xsdb/xsdb-server.tcl
12:37:31 INFO  : XSDB server has started successfully.
12:37:32 INFO  : Processing command line option -hwspec C:/xup/embedded/lab10VGApart2/lab10VGApart2.sdk/lab10VGAdemoZSY_wrapper.hdf.
12:37:33 INFO  : Checking for hwspec changes in the project lab10VGAdemoZSY_wrapper_hw_platform_1.
12:38:39 INFO  : System reset is completed.
12:38:41 INFO  : FPGA configured successfully with bitstream "C:/xup/embedded/lab10VGApart2/lab10VGApart2.sdk/lab10VGAdemoZSY_wrapper_hw_platform_0/lab10VGAdemoZSY_wrapper.bit"
12:38:41 INFO  : ps7_init is completed.
12:38:41 INFO  : ps7_post_config is completed.
12:44:03 ERROR : Unexpected error while parsing XMD response ?: com.google.gson.JsonSyntaxException: com.google.gson.stream.MalformedJsonException: invalid number or unquoted string near 
12:45:10 INFO  : Launching XSDB server: xsdb.bat -s C:/Xilinx/SDK/2015.2/scripts/xsdb/xsdb/xsdb-server.tcl
12:45:11 INFO  : XSDB server has started successfully.
12:45:12 INFO  : Processing command line option -hwspec C:/xup/embedded/lab10VGApart2/lab10VGApart2.sdk/lab10VGAdemoZSY_wrapper.hdf.
12:45:13 INFO  : Checking for hwspec changes in the project lab10VGAdemoZSY_wrapper_hw_platform_1.
12:45:42 INFO  : System reset is completed.
12:45:43 INFO  : FPGA configured successfully with bitstream "C:/xup/embedded/lab10VGApart2/lab10VGApart2.sdk/lab10VGAdemoZSY_wrapper_hw_platform_0/lab10VGAdemoZSY_wrapper.bit"
12:45:44 INFO  : ps7_init is completed.
12:45:44 INFO  : ps7_post_config is completed.
12:50:27 INFO  : No changes in MSS file content so not generating sources.
12:51:58 INFO  : Launching XSDB server: xsdb.bat -s C:/Xilinx/SDK/2015.2/scripts/xsdb/xsdb/xsdb-server.tcl
12:51:59 INFO  : Processing command line option -hwspec C:/xup/embedded/lab10VGApart2/lab10VGApart2.sdk/lab10VGAdemoZSY_wrapper.hdf.
12:51:59 INFO  : XSDB server has started successfully.
12:52:00 INFO  : Checking for hwspec changes in the project lab10VGAdemoZSY_wrapper_hw_platform_1.
12:52:30 INFO  : Launching XSDB server: xsdb.bat -s C:/Xilinx/SDK/2015.2/scripts/xsdb/xsdb/xsdb-server.tcl
12:52:32 INFO  : XSDB server has started successfully.
12:52:32 INFO  : Processing command line option -hwspec C:/xup/embedded/lab10VGApart2/lab10VGApart2.sdk/lab10VGAdemoZSY_wrapper.hdf.
12:52:33 INFO  : Checking for hwspec changes in the project lab10VGAdemoZSY_wrapper_hw_platform_1.
12:52:47 INFO  : No changes in MSS file content so not generating sources.
12:58:56 INFO  : Invoking Bootgen: bootgen -image output.bif -o C:\xup\embedded\lab10VGApart2\image\BOOT.bin
12:58:56 INFO  : Creating new bif file C:\xup\embedded\lab10VGApart2\image\output.bif
12:58:57 INFO  : Bootgen command execution is done.
13:09:12 INFO  : No changes in MSS file content so not generating sources.
13:14:30 INFO  : Invoking Bootgen: bootgen -image demo3.bif -o C:\xup\embedded\lab10VGApart2\image\BOOT.bin -w on
13:14:30 INFO  : Creating new bif file C:\xup\embedded\lab10VGApart2\image\demo3.bif
13:14:30 INFO  : Bootgen command execution is done.
15:17:01 INFO  : Launching XSDB server: xsdb.bat -s C:/Xilinx/SDK/2015.2/scripts/xsdb/xsdb/xsdb-server.tcl
15:17:03 INFO  : XSDB server has started successfully.
15:17:04 INFO  : Processing command line option -hwspec C:/xup/embedded/lab10VGApart2/lab10VGApart2.sdk/lab10VGAdemoZSY_wrapper.hdf.
15:17:05 INFO  : Checking for hwspec changes in the project lab10VGAdemoZSY_wrapper_hw_platform_1.
