#-----------------------------------------------------------
# Vivado v2015.2 (64-bit)
# SW Build 1266856 on Fri Jun 26 16:35:25 MDT 2015
# IP Build 1264090 on Wed Jun 24 14:22:01 MDT 2015
# Start of session at: Wed Feb 14 15:15:18 2018
# Process ID: 11596
# Log file: C:/xup/embedded/lab10VGApart2/vivado.log
# Journal file: C:/xup/embedded/lab10VGApart2\vivado.jou
#-----------------------------------------------------------
start_gui
open_project C:/xup/embedded/lab10VGApart2/lab10VGApart2.xpr
Scanning sources...
Finished scanning sources
INFO: [IP_Flow 19-234] Refreshing IP repositories
INFO: [IP_Flow 19-1700] Loaded user IP repository 'c:/xup/embedded/lab10VGAdemoZSY/lib'.
INFO: [IP_Flow 19-2313] Loaded Vivado IP repository 'C:/Xilinx/Vivado/2015.2/data/ip'.
open_project: Time (s): cpu = 00:00:30 ; elapsed = 00:00:12 . Memory (MB): peak = 847.313 ; gain = 258.070
exit
INFO: [Common 17-206] Exiting Vivado at Wed Feb 14 15:35:58 2018...
1/bd/lab10VGAdemoZSY/lab10VGAdemoZSY.bd}
Adding component instance block -- xilinx.com:ip:processing_system7:5.5 - processing_system7_0
Adding component instance block -- xilinx.com:ip:axi_vdma:6.2 - axi_vdma_0
Adding component instance block -- xilinx.com:ip:proc_sys_reset:5.0 - rst_processing_system7_0_100M
Adding component instance block -- Digilent:digilent:axi_dispctrl:1.0 - axi_dispctrl_0
Adding component instance block -- xilinx.com:ip:xlconstant:1.1 - xlconstant_0
Adding component instance block -- xilinx.com:ip:axi_crossbar:2.1 - xbar
Adding component instance block -- xilinx.com:ip:axi_protocol_converter:2.1 - auto_pc
Adding component instance block -- xilinx.com:ip:axi_protocol_converter:2.1 - auto_pc
Successfully read diagram <lab10VGAdemoZSY> from BD file <C:/xup/embedded/lab10VGApart2/lab10VGApart2.srcs/sources_1/bd/lab10VGAdemoZSY/lab10VGAdemoZSY.bd>
open_bd_design: Time (s): cpu = 00:00:11 ; elapsed = 00:00:05 . Memory (MB): peak = 896.672 ; gain = 45.277
launch_sdk -workspace C:/xup/embedded/lab10VGApart2/lab10VGApart2.sdk -hwspec C:/xup/embedded/lab10VGApart2/lab10VGApart2.sdk/lab10VGAdemoZSY_wrapper.hdf
INFO: [Vivado 12-393] Launching SDK...
INFO: [Vivado 12-417] Running xsdk -workspace C:/xup/embedded/lab10VGApart2/lab10VGApart2.sdk -hwspec C:/xup/embedded/lab10VGApart2/lab10VGApart2.sdk/lab10VGAdemoZSY_wrapper.hdf
INFO: [Vivado 12-3157] SDK launch initiated. Please check console for any further messages.
exit
INFO: [Common 17-206] Exiting Vivado at Wed Feb 14 15:35:54 2018...
