#-----------------------------------------------------------
# Webtalk v2015.2 (64-bit)
# SW Build 1266856 on Fri Jun 26 16:35:25 MDT 2015
# 
# Start of session at: Tue Dec 12 11:56:22 2017
# Process ID: 12080
# Log file: C:/xup/embedded/2015_2_zynq_labs/lab5/lab5.sdk/webtalk/webtalk.log
# Journal file: C:/xup/embedded/2015_2_zynq_labs/lab5/lab5.sdk/webtalk\webtalk.jou
#-----------------------------------------------------------
source sdk_webtalk.tcl
# webtalk_init -webtalk_dir C:\\xup\\embedded\\2015_2_zynq_labs\\lab5\\lab5.sdk\\webtalk
# webtalk_register_client -client project
# webtalk_add_data -client project -key date_generated -value "Tue Dec 12 11:56:21 2017" -context "software_version_and_target_device"
# webtalk_add_data -client project -key product_version -value "SDK v2015.2" -context "software_version_and_target_device"
# webtalk_add_data -client project -key build_version -value "2015.2" -context "software_version_and_target_device"
# webtalk_add_data -client project -key os_platform -value "amd64" -context "software_version_and_target_device"
# webtalk_add_data -client project -key registration_id -value "" -context "software_version_and_target_device"
# webtalk_add_data -client project -key tool_flow -value "SDK" -context "software_version_and_target_device"
# webtalk_add_data -client project -key beta -value "false" -context "software_version_and_target_device"
# webtalk_add_data -client project -key route_design -value "NA" -context "software_version_and_target_device"
# webtalk_add_data -client project -key target_family -value "NA" -context "software_version_and_target_device"
# webtalk_add_data -client project -key target_device -value "NA" -context "software_version_and_target_device"
# webtalk_add_data -client project -key target_package -value "NA" -context "software_version_and_target_device"
# webtalk_add_data -client project -key target_speed -value "NA" -context "software_version_and_target_device"
# webtalk_add_data -client project -key random_id -value "in2j5jl52dptdc2eb6o9no7b9l" -context "software_version_and_target_device"
# webtalk_add_data -client project -key project_id -value "2015.2_4" -context "software_version_and_target_device"
# webtalk_add_data -client project -key project_iteration -value "4" -context "software_version_and_target_device"
# webtalk_add_data -client project -key os_name -value "" -context "user_environment"
# webtalk_add_data -client project -key os_release -value "" -context "user_environment"
# webtalk_add_data -client project -key cpu_name -value "" -context "user_environment"
# webtalk_add_data -client project -key cpu_speed -value "" -context "user_environment"
# webtalk_add_data -client project -key total_processors -value "" -context "user_environment"
# webtalk_add_data -client project -key system_ram -value "" -context "user_environment"
# webtalk_register_client -client sdk
# webtalk_add_data -client sdk -key uid -value "1513094422761" -context "sdk\\\\hardware/1513094422761"
# webtalk_add_data -client sdk -key isZynq -value "true" -context "sdk\\\\hardware/1513094422761"
# webtalk_add_data -client sdk -key Processors -value "2" -context "sdk\\\\hardware/1513094422761"
# webtalk_add_data -client sdk -key VivadoVersion -value "2015.2" -context "sdk\\\\hardware/1513094422761"
# webtalk_add_data -client sdk -key Arch -value "zynq" -context "sdk\\\\hardware/1513094422761"
# webtalk_add_data -client sdk -key Device -value "7z010" -context "sdk\\\\hardware/1513094422761"
# webtalk_add_data -client sdk -key IsHandoff -value "true" -context "sdk\\\\hardware/1513094422761"
# webtalk_add_data -client sdk -key uid -value "1513094636750" -context "sdk\\\\bsp/1513094636750"
# webtalk_add_data -client sdk -key hwid -value "1513094422761" -context "sdk\\\\bsp/1513094636750"
# webtalk_add_data -client sdk -key os -value "standalone" -context "sdk\\\\bsp/1513094636750"
# webtalk_add_data -client sdk -key apptemplate -value "empty_application" -context "sdk\\\\bsp/1513094636750"
# webtalk_add_data -client sdk -key uid -value "1513094644320" -context "sdk\\\\application/1513094644320"
# webtalk_add_data -client sdk -key hwid -value "1513094422761" -context "sdk\\\\application/1513094644320"
# webtalk_add_data -client sdk -key bspid -value "1513094636750" -context "sdk\\\\application/1513094644320"
# webtalk_add_data -client sdk -key newbsp -value "true" -context "sdk\\\\application/1513094644320"
# webtalk_add_data -client sdk -key os -value "standalone" -context "sdk\\\\application/1513094644320"
# webtalk_add_data -client sdk -key apptemplate -value "empty_application" -context "sdk\\\\application/1513094644320"
# webtalk_transmit -clientid 3228486251 -regid "" -xml C:\\xup\\embedded\\2015_2_zynq_labs\\lab5\\lab5.sdk\\webtalk\\usage_statistics_ext_sdk.xml -html C:\\xup\\embedded\\2015_2_zynq_labs\\lab5\\lab5.sdk\\webtalk\\usage_statistics_ext_sdk.html -wdm C:\\xup\\embedded\\2015_2_zynq_labs\\lab5\\lab5.sdk\\webtalk\\sdk_webtalk.wdm -intro "<H3>SDK Usage Report</H3><BR>"
INFO: [Common 17-186] 'C:\xup\embedded\2015_2_zynq_labs\lab5\lab5.sdk\webtalk\usage_statistics_ext_sdk.xml' has been successfully sent to Xilinx on Tue Dec 12 11:56:27 2017. For additional details about this file, please refer to the WebTalk help file at C:/Xilinx/SDK/2015.2/doc/webtalk_introduction.html.
# webtalk_terminate
INFO: [Common 17-206] Exiting Webtalk at Tue Dec 12 11:56:27 2017...
