
*** Running vivado
    with args -log system_wrapper.vdi -applog -m64 -messageDb vivado.pb -mode batch -source system_wrapper.tcl -notrace

WARNING: Default location for XILINX_VIVADO_HLS not found: 

****** Vivado v2015.2 (64-bit)
  **** SW Build 1266856 on Fri Jun 26 16:35:25 MDT 2015
  **** IP Build 1264090 on Wed Jun 24 14:22:01 MDT 2015
    ** Copyright 1986-2015 Xilinx, Inc. All Rights Reserved.

source system_wrapper.tcl -notrace
Design is defaulting to srcset: sources_1
Design is defaulting to constrset: constrs_1
INFO: [Netlist 29-17] Analyzing 64 Unisim elements for replacement
INFO: [Netlist 29-28] Unisim Transformation completed in 0 CPU seconds
INFO: [Project 1-479] Netlist was created with Vivado 2015.2
INFO: [Device 21-403] Loading part xc7z010clg400-1
INFO: [Project 1-570] Preparing netlist for logic optimization
Parsing XDC File [c:/xup/embedded/2015_2_zynq_labs/lab5/lab5.srcs/sources_1/bd/system/ip/system_processing_system7_0_0/system_processing_system7_0_0.xdc] for cell 'system_i/processing_system7_0/inst'
Finished Parsing XDC File [c:/xup/embedded/2015_2_zynq_labs/lab5/lab5.srcs/sources_1/bd/system/ip/system_processing_system7_0_0/system_processing_system7_0_0.xdc] for cell 'system_i/processing_system7_0/inst'
Parsing XDC File [c:/xup/embedded/2015_2_zynq_labs/lab5/lab5.srcs/sources_1/bd/system/ip/system_axi_gpio_0_0/system_axi_gpio_0_0_board.xdc] for cell 'system_i/switches/U0'
CRITICAL WARNING: [Constraints 18-638] Undefined BOARD_PART property for current project while applying board-derived constraints. [c:/xup/embedded/2015_2_zynq_labs/lab5/lab5.srcs/sources_1/bd/system/ip/system_axi_gpio_0_0/system_axi_gpio_0_0_board.xdc:3]
Resolution: Please set the correct BOARD_PART property for the current project and reapply the constraints.
CRITICAL WARNING: [Constraints 18-638] Undefined BOARD_PART property for current project while applying board-derived constraints. [c:/xup/embedded/2015_2_zynq_labs/lab5/lab5.srcs/sources_1/bd/system/ip/system_axi_gpio_0_0/system_axi_gpio_0_0_board.xdc:5]
Resolution: Please set the correct BOARD_PART property for the current project and reapply the constraints.
CRITICAL WARNING: [Constraints 18-638] Undefined BOARD_PART property for current project while applying board-derived constraints. [c:/xup/embedded/2015_2_zynq_labs/lab5/lab5.srcs/sources_1/bd/system/ip/system_axi_gpio_0_0/system_axi_gpio_0_0_board.xdc:7]
Resolution: Please set the correct BOARD_PART property for the current project and reapply the constraints.
CRITICAL WARNING: [Constraints 18-638] Undefined BOARD_PART property for current project while applying board-derived constraints. [c:/xup/embedded/2015_2_zynq_labs/lab5/lab5.srcs/sources_1/bd/system/ip/system_axi_gpio_0_0/system_axi_gpio_0_0_board.xdc:9]
Resolution: Please set the correct BOARD_PART property for the current project and reapply the constraints.
Finished Parsing XDC File [c:/xup/embedded/2015_2_zynq_labs/lab5/lab5.srcs/sources_1/bd/system/ip/system_axi_gpio_0_0/system_axi_gpio_0_0_board.xdc] for cell 'system_i/switches/U0'
Parsing XDC File [c:/xup/embedded/2015_2_zynq_labs/lab5/lab5.srcs/sources_1/bd/system/ip/system_axi_gpio_0_0/system_axi_gpio_0_0.xdc] for cell 'system_i/switches/U0'
Finished Parsing XDC File [c:/xup/embedded/2015_2_zynq_labs/lab5/lab5.srcs/sources_1/bd/system/ip/system_axi_gpio_0_0/system_axi_gpio_0_0.xdc] for cell 'system_i/switches/U0'
Parsing XDC File [c:/xup/embedded/2015_2_zynq_labs/lab5/lab5.srcs/sources_1/bd/system/ip/system_rst_processing_system7_0_100M_0/system_rst_processing_system7_0_100M_0_board.xdc] for cell 'system_i/rst_processing_system7_0_100M'
Finished Parsing XDC File [c:/xup/embedded/2015_2_zynq_labs/lab5/lab5.srcs/sources_1/bd/system/ip/system_rst_processing_system7_0_100M_0/system_rst_processing_system7_0_100M_0_board.xdc] for cell 'system_i/rst_processing_system7_0_100M'
Parsing XDC File [c:/xup/embedded/2015_2_zynq_labs/lab5/lab5.srcs/sources_1/bd/system/ip/system_rst_processing_system7_0_100M_0/system_rst_processing_system7_0_100M_0.xdc] for cell 'system_i/rst_processing_system7_0_100M'
Finished Parsing XDC File [c:/xup/embedded/2015_2_zynq_labs/lab5/lab5.srcs/sources_1/bd/system/ip/system_rst_processing_system7_0_100M_0/system_rst_processing_system7_0_100M_0.xdc] for cell 'system_i/rst_processing_system7_0_100M'
Parsing XDC File [c:/xup/embedded/2015_2_zynq_labs/lab5/lab5.srcs/sources_1/bd/system/ip/system_axi_gpio_0_1/system_axi_gpio_0_1_board.xdc] for cell 'system_i/buttons/U0'
CRITICAL WARNING: [Constraints 18-638] Undefined BOARD_PART property for current project while applying board-derived constraints. [c:/xup/embedded/2015_2_zynq_labs/lab5/lab5.srcs/sources_1/bd/system/ip/system_axi_gpio_0_1/system_axi_gpio_0_1_board.xdc:3]
Resolution: Please set the correct BOARD_PART property for the current project and reapply the constraints.
CRITICAL WARNING: [Constraints 18-638] Undefined BOARD_PART property for current project while applying board-derived constraints. [c:/xup/embedded/2015_2_zynq_labs/lab5/lab5.srcs/sources_1/bd/system/ip/system_axi_gpio_0_1/system_axi_gpio_0_1_board.xdc:5]
Resolution: Please set the correct BOARD_PART property for the current project and reapply the constraints.
CRITICAL WARNING: [Constraints 18-638] Undefined BOARD_PART property for current project while applying board-derived constraints. [c:/xup/embedded/2015_2_zynq_labs/lab5/lab5.srcs/sources_1/bd/system/ip/system_axi_gpio_0_1/system_axi_gpio_0_1_board.xdc:7]
Resolution: Please set the correct BOARD_PART property for the current project and reapply the constraints.
CRITICAL WARNING: [Constraints 18-638] Undefined BOARD_PART property for current project while applying board-derived constraints. [c:/xup/embedded/2015_2_zynq_labs/lab5/lab5.srcs/sources_1/bd/system/ip/system_axi_gpio_0_1/system_axi_gpio_0_1_board.xdc:9]
Resolution: Please set the correct BOARD_PART property for the current project and reapply the constraints.
Finished Parsing XDC File [c:/xup/embedded/2015_2_zynq_labs/lab5/lab5.srcs/sources_1/bd/system/ip/system_axi_gpio_0_1/system_axi_gpio_0_1_board.xdc] for cell 'system_i/buttons/U0'
Parsing XDC File [c:/xup/embedded/2015_2_zynq_labs/lab5/lab5.srcs/sources_1/bd/system/ip/system_axi_gpio_0_1/system_axi_gpio_0_1.xdc] for cell 'system_i/buttons/U0'
Finished Parsing XDC File [c:/xup/embedded/2015_2_zynq_labs/lab5/lab5.srcs/sources_1/bd/system/ip/system_axi_gpio_0_1/system_axi_gpio_0_1.xdc] for cell 'system_i/buttons/U0'
Parsing XDC File [C:/xup/embedded/2015_2_zynq_labs/lab5/lab5.srcs/constrs_1/imports/lab3/lab3_zybo.xdc]
Finished Parsing XDC File [C:/xup/embedded/2015_2_zynq_labs/lab5/lab5.srcs/constrs_1/imports/lab3/lab3_zybo.xdc]
INFO: [Opt 31-138] Pushed 0 inverter(s) to 0 load pin(s).
Generating merged BMM file for the design top 'system_wrapper'...

INFO: [Project 1-111] Unisim Transformation Summary:
No Unisim elements were transformed.

link_design: Time (s): cpu = 00:00:07 ; elapsed = 00:00:07 . Memory (MB): peak = 480.453 ; gain = 284.063
Command: opt_design
Attempting to get a license for feature 'Implementation' and/or device 'xc7z010'
INFO: [Common 17-349] Got license for feature 'Implementation' and/or device 'xc7z010'
Running DRC as a precondition to command opt_design

Starting DRC Task
INFO: [DRC 23-27] Running DRC with 2 threads
INFO: [Project 1-461] DRC finished with 0 Errors
INFO: [Project 1-462] Please refer to the DRC report (report_drc) for more information.

Time (s): cpu = 00:00:00 ; elapsed = 00:00:00.125 . Memory (MB): peak = 480.453 ; gain = 0.000
INFO: [Timing 38-35] Done setting XDC timing constraints.

Starting Logic Optimization Task

Phase 1 Retarget

INFO: [Opt 31-138] Pushed 0 inverter(s) to 0 load pin(s).
INFO: [Opt 31-49] Retargeted 0 cell(s).
Phase 1 Retarget | Checksum: 21ef15dd2

Time (s): cpu = 00:00:01 ; elapsed = 00:00:00.359 . Memory (MB): peak = 949.906 ; gain = 0.000

Phase 2 Constant Propagation
INFO: [Opt 31-138] Pushed 3 inverter(s) to 3 load pin(s).
INFO: [Opt 31-10] Eliminated 107 cells.
Phase 2 Constant Propagation | Checksum: 138670472

Time (s): cpu = 00:00:01 ; elapsed = 00:00:00.891 . Memory (MB): peak = 949.906 ; gain = 0.000

Phase 3 Sweep
INFO: [Opt 31-12] Eliminated 658 unconnected nets.
INFO: [Opt 31-11] Eliminated 748 unconnected cells.
Phase 3 Sweep | Checksum: 128eaabd3

Time (s): cpu = 00:00:02 ; elapsed = 00:00:02 . Memory (MB): peak = 949.906 ; gain = 0.000

Starting Connectivity Check Task

Time (s): cpu = 00:00:00 ; elapsed = 00:00:00.016 . Memory (MB): peak = 949.906 ; gain = 0.000
Ending Logic Optimization Task | Checksum: 128eaabd3

Time (s): cpu = 00:00:02 ; elapsed = 00:00:02 . Memory (MB): peak = 949.906 ; gain = 0.000
Implement Debug Cores | Checksum: 1aed3662d
Logic Optimization | Checksum: 1aed3662d

Starting Power Optimization Task
INFO: [Pwropt 34-132] Skipping clock gating for clocks with a period < 3.13 ns.
INFO: [Pwropt 34-9] Applying IDT optimizations ...
INFO: [Pwropt 34-10] Applying ODC optimizations ...


Starting PowerOpt Patch Enables Task
INFO: [Pwropt 34-162] WRITE_MODE attribute of 0 BRAM(s) out of a total of 2 has been updated to save power. Run report_power_opt to get a complete listing of the BRAMs updated.
INFO: [Pwropt 34-201] Structural ODC has moved 0 WE to EN ports
Number of BRAM Ports augmented: 0 newly gated: 0 Total Ports: 4
Ending PowerOpt Patch Enables Task | Checksum: 128eaabd3

Time (s): cpu = 00:00:00 ; elapsed = 00:00:00 . Memory (MB): peak = 949.906 ; gain = 0.000
Ending Power Optimization Task | Checksum: 128eaabd3

Time (s): cpu = 00:00:01 ; elapsed = 00:00:00.500 . Memory (MB): peak = 949.906 ; gain = 0.000
INFO: [Common 17-83] Releasing license: Implementation
24 Infos, 0 Warnings, 8 Critical Warnings and 0 Errors encountered.
opt_design completed successfully
opt_design: Time (s): cpu = 00:00:14 ; elapsed = 00:00:15 . Memory (MB): peak = 949.906 ; gain = 469.453
Writing placer database...
Writing XDEF routing.
Writing XDEF routing logical nets.
Writing XDEF routing special nets.
Write XDEF Complete: Time (s): cpu = 00:00:00 ; elapsed = 00:00:00.078 . Memory (MB): peak = 949.906 ; gain = 0.000
INFO: [DRC 23-27] Running DRC with 2 threads
INFO: [Coretcl 2-168] The results of DRC are in file C:/xup/embedded/2015_2_zynq_labs/lab5/lab5.runs/impl_1/system_wrapper_drc_opted.rpt.
Command: place_design
Attempting to get a license for feature 'Implementation' and/or device 'xc7z010'
INFO: [Common 17-349] Got license for feature 'Implementation' and/or device 'xc7z010'
INFO: [DRC 23-27] Running DRC with 2 threads
INFO: [Vivado_Tcl 4-198] DRC finished with 0 Errors
INFO: [Vivado_Tcl 4-199] Please refer to the DRC report (report_drc) for more information.
Running DRC as a precondition to command place_design
INFO: [DRC 23-27] Running DRC with 2 threads
INFO: [Vivado_Tcl 4-198] DRC finished with 0 Errors
INFO: [Vivado_Tcl 4-199] Please refer to the DRC report (report_drc) for more information.

Starting Placer Task
INFO: [Place 30-611] Multithreading enabled for place_design using a maximum of 2 CPUs

Phase 1 Placer Runtime Estimator
Phase 1 Placer Runtime Estimator | Checksum: 105e9ebaa

Time (s): cpu = 00:00:00 ; elapsed = 00:00:00.047 . Memory (MB): peak = 949.906 ; gain = 0.000

Phase 2 Placer Initialization
Netlist sorting complete. Time (s): cpu = 00:00:00 ; elapsed = 00:00:00.016 . Memory (MB): peak = 949.906 ; gain = 0.000
Netlist sorting complete. Time (s): cpu = 00:00:00 ; elapsed = 00:00:00.015 . Memory (MB): peak = 949.906 ; gain = 0.000

Phase 2.1 IO Placement/ Clock Placement/ Build Placer Device

Phase 2.1.1 Pre-Place Cells
Phase 2.1.1 Pre-Place Cells | Checksum: ce41f7d8

Time (s): cpu = 00:00:00 ; elapsed = 00:00:00.110 . Memory (MB): peak = 949.906 ; gain = 0.000
INFO: [Timing 38-35] Done setting XDC timing constraints.

Phase 2.1.2 IO & Clk Clean Up
Phase 2.1.2 IO & Clk Clean Up | Checksum: ce41f7d8

Time (s): cpu = 00:00:02 ; elapsed = 00:00:02 . Memory (MB): peak = 965.473 ; gain = 15.566

Phase 2.1.3 Implementation Feasibility check On IDelay
Phase 2.1.3 Implementation Feasibility check On IDelay | Checksum: ce41f7d8

Time (s): cpu = 00:00:02 ; elapsed = 00:00:02 . Memory (MB): peak = 965.473 ; gain = 15.566

Phase 2.1.4 Commit IO Placement
Phase 2.1.4 Commit IO Placement | Checksum: c2181190

Time (s): cpu = 00:00:02 ; elapsed = 00:00:02 . Memory (MB): peak = 965.473 ; gain = 15.566
Phase 2.1 IO Placement/ Clock Placement/ Build Placer Device | Checksum: e8fdfef3

Time (s): cpu = 00:00:02 ; elapsed = 00:00:02 . Memory (MB): peak = 965.473 ; gain = 15.566

Phase 2.2 Build Placer Netlist Model

Phase 2.2.1 Place Init Design

Phase 2.2.1.1 Init Lut Pin Assignment
Phase 2.2.1.1 Init Lut Pin Assignment | Checksum: 1bd15a222

Time (s): cpu = 00:00:02 ; elapsed = 00:00:02 . Memory (MB): peak = 965.473 ; gain = 15.566
Phase 2.2.1 Place Init Design | Checksum: 222cf13c2

Time (s): cpu = 00:00:03 ; elapsed = 00:00:03 . Memory (MB): peak = 965.473 ; gain = 15.566
Phase 2.2 Build Placer Netlist Model | Checksum: 222cf13c2

Time (s): cpu = 00:00:03 ; elapsed = 00:00:03 . Memory (MB): peak = 965.473 ; gain = 15.566

Phase 2.3 Constrain Clocks/Macros

Phase 2.3.1 Constrain Global/Regional Clocks
Phase 2.3.1 Constrain Global/Regional Clocks | Checksum: 222cf13c2

Time (s): cpu = 00:00:03 ; elapsed = 00:00:03 . Memory (MB): peak = 965.473 ; gain = 15.566
Phase 2.3 Constrain Clocks/Macros | Checksum: 222cf13c2

Time (s): cpu = 00:00:03 ; elapsed = 00:00:03 . Memory (MB): peak = 965.473 ; gain = 15.566
Phase 2 Placer Initialization | Checksum: 222cf13c2

Time (s): cpu = 00:00:03 ; elapsed = 00:00:03 . Memory (MB): peak = 965.473 ; gain = 15.566

Phase 3 Global Placement
Phase 3 Global Placement | Checksum: 1a35e3176

Time (s): cpu = 00:00:07 ; elapsed = 00:00:04 . Memory (MB): peak = 965.473 ; gain = 15.566

Phase 4 Detail Placement

Phase 4.1 Commit Multi Column Macros
Phase 4.1 Commit Multi Column Macros | Checksum: 1a35e3176

Time (s): cpu = 00:00:07 ; elapsed = 00:00:04 . Memory (MB): peak = 965.473 ; gain = 15.566

Phase 4.2 Commit Most Macros & LUTRAMs
Phase 4.2 Commit Most Macros & LUTRAMs | Checksum: 15ff3c3a1

Time (s): cpu = 00:00:07 ; elapsed = 00:00:05 . Memory (MB): peak = 965.473 ; gain = 15.566

Phase 4.3 Area Swap Optimization
Phase 4.3 Area Swap Optimization | Checksum: 19548f786

Time (s): cpu = 00:00:07 ; elapsed = 00:00:05 . Memory (MB): peak = 965.473 ; gain = 15.566

Phase 4.4 updateClock Trees: DP
Phase 4.4 updateClock Trees: DP | Checksum: 19548f786

Time (s): cpu = 00:00:08 ; elapsed = 00:00:05 . Memory (MB): peak = 965.473 ; gain = 15.566

Phase 4.5 Timing Path Optimizer
Phase 4.5 Timing Path Optimizer | Checksum: 16ad5ba0a

Time (s): cpu = 00:00:08 ; elapsed = 00:00:05 . Memory (MB): peak = 965.473 ; gain = 15.566

Phase 4.6 Small Shape Detail Placement

Phase 4.6.1 Commit Small Macros & Core Logic

Phase 4.6.1.1 setBudgets
Phase 4.6.1.1 setBudgets | Checksum: 163f1ce40

Time (s): cpu = 00:00:08 ; elapsed = 00:00:05 . Memory (MB): peak = 965.473 ; gain = 15.566

Phase 4.6.1.2 Commit Slice Clusters
Phase 4.6.1.2 Commit Slice Clusters | Checksum: 1cfc245bc

Time (s): cpu = 00:00:09 ; elapsed = 00:00:06 . Memory (MB): peak = 965.473 ; gain = 15.566
Phase 4.6.1 Commit Small Macros & Core Logic | Checksum: 1cfc245bc

Time (s): cpu = 00:00:09 ; elapsed = 00:00:06 . Memory (MB): peak = 965.473 ; gain = 15.566

Phase 4.6.2 Clock Restriction Legalization for Leaf Columns
Phase 4.6.2 Clock Restriction Legalization for Leaf Columns | Checksum: 1cfc245bc

Time (s): cpu = 00:00:09 ; elapsed = 00:00:06 . Memory (MB): peak = 965.473 ; gain = 15.566

Phase 4.6.3 Clock Restriction Legalization for Non-Clock Pins
Phase 4.6.3 Clock Restriction Legalization for Non-Clock Pins | Checksum: 1cfc245bc

Time (s): cpu = 00:00:09 ; elapsed = 00:00:06 . Memory (MB): peak = 965.473 ; gain = 15.566
Phase 4.6 Small Shape Detail Placement | Checksum: 1cfc245bc

Time (s): cpu = 00:00:09 ; elapsed = 00:00:06 . Memory (MB): peak = 965.473 ; gain = 15.566

Phase 4.7 Re-assign LUT pins
Phase 4.7 Re-assign LUT pins | Checksum: 1cfc245bc

Time (s): cpu = 00:00:09 ; elapsed = 00:00:06 . Memory (MB): peak = 965.473 ; gain = 15.566
Phase 4 Detail Placement | Checksum: 1cfc245bc

Time (s): cpu = 00:00:09 ; elapsed = 00:00:06 . Memory (MB): peak = 965.473 ; gain = 15.566

Phase 5 Post Placement Optimization and Clean-Up

Phase 5.1 PCOPT Shape updates
Phase 5.1 PCOPT Shape updates | Checksum: 1c8f126b3

Time (s): cpu = 00:00:09 ; elapsed = 00:00:06 . Memory (MB): peak = 965.473 ; gain = 15.566

Phase 6 Post Commit Optimization

Phase 6.1 updateClock Trees: PCOPT
Phase 6.1 updateClock Trees: PCOPT | Checksum: 1c8f126b3

Time (s): cpu = 00:00:09 ; elapsed = 00:00:06 . Memory (MB): peak = 965.473 ; gain = 15.566

Phase 6.2 Post Placement Optimization

Phase 6.2.1 Post Placement Timing Optimization
INFO: [Place 30-746] Post Placement Timing Summary WNS=3.005. For the most accurate timing information please run report_timing.
Phase 6.2.1 Post Placement Timing Optimization | Checksum: 1c00c63e4

Time (s): cpu = 00:00:10 ; elapsed = 00:00:07 . Memory (MB): peak = 965.473 ; gain = 15.566
Phase 6.2 Post Placement Optimization | Checksum: 1c00c63e4

Time (s): cpu = 00:00:10 ; elapsed = 00:00:07 . Memory (MB): peak = 965.473 ; gain = 15.566
Phase 6 Post Commit Optimization | Checksum: 1c00c63e4

Time (s): cpu = 00:00:10 ; elapsed = 00:00:07 . Memory (MB): peak = 965.473 ; gain = 15.566

Phase 5.2 Sweep Clock Roots: Post-Placement
Phase 5.2 Sweep Clock Roots: Post-Placement | Checksum: 1c00c63e4

Time (s): cpu = 00:00:10 ; elapsed = 00:00:07 . Memory (MB): peak = 965.473 ; gain = 15.566

Phase 5.3 Post Placement Cleanup
Phase 5.3 Post Placement Cleanup | Checksum: 1c00c63e4

Time (s): cpu = 00:00:10 ; elapsed = 00:00:07 . Memory (MB): peak = 965.473 ; gain = 15.566

Phase 5.4 Placer Reporting

Phase 5.4.1 Restore STA
Phase 5.4.1 Restore STA | Checksum: 1c00c63e4

Time (s): cpu = 00:00:10 ; elapsed = 00:00:07 . Memory (MB): peak = 965.473 ; gain = 15.566
Phase 5.4 Placer Reporting | Checksum: 1c00c63e4

Time (s): cpu = 00:00:10 ; elapsed = 00:00:07 . Memory (MB): peak = 965.473 ; gain = 15.566

Phase 5.5 Final Placement Cleanup
Phase 5.5 Final Placement Cleanup | Checksum: 1c8f38c96

Time (s): cpu = 00:00:10 ; elapsed = 00:00:07 . Memory (MB): peak = 965.473 ; gain = 15.566
Phase 5 Post Placement Optimization and Clean-Up | Checksum: 1c8f38c96

Time (s): cpu = 00:00:10 ; elapsed = 00:00:07 . Memory (MB): peak = 965.473 ; gain = 15.566
Ending Placer Task | Checksum: 1295c59bf

Time (s): cpu = 00:00:10 ; elapsed = 00:00:07 . Memory (MB): peak = 965.473 ; gain = 15.566
INFO: [Common 17-83] Releasing license: Implementation
37 Infos, 0 Warnings, 8 Critical Warnings and 0 Errors encountered.
place_design completed successfully
place_design: Time (s): cpu = 00:00:11 ; elapsed = 00:00:08 . Memory (MB): peak = 965.473 ; gain = 15.566
Writing placer database...
Writing XDEF routing.
Writing XDEF routing logical nets.
Writing XDEF routing special nets.
Write XDEF Complete: Time (s): cpu = 00:00:01 ; elapsed = 00:00:00.406 . Memory (MB): peak = 965.473 ; gain = 0.000
report_io: Time (s): cpu = 00:00:00 ; elapsed = 00:00:00.062 . Memory (MB): peak = 965.473 ; gain = 0.000
report_utilization: Time (s): cpu = 00:00:00 ; elapsed = 00:00:00.141 . Memory (MB): peak = 965.473 ; gain = 0.000
report_control_sets: Time (s): cpu = 00:00:00 ; elapsed = 00:00:00.016 . Memory (MB): peak = 965.473 ; gain = 0.000
Command: route_design
Attempting to get a license for feature 'Implementation' and/or device 'xc7z010'
INFO: [Common 17-349] Got license for feature 'Implementation' and/or device 'xc7z010'
Running DRC as a precondition to command route_design
INFO: [DRC 23-27] Running DRC with 2 threads
INFO: [Vivado_Tcl 4-198] DRC finished with 0 Errors
INFO: [Vivado_Tcl 4-199] Please refer to the DRC report (report_drc) for more information.


Starting Routing Task
INFO: [Route 35-254] Multithreading enabled for route_design using a maximum of 2 CPUs

Phase 1 Build RT Design
Phase 1 Build RT Design | Checksum: ad6b4092

Time (s): cpu = 00:00:17 ; elapsed = 00:00:15 . Memory (MB): peak = 1007.293 ; gain = 41.820

Phase 2 Router Initialization

Phase 2.1 Create Timer
Phase 2.1 Create Timer | Checksum: ad6b4092

Time (s): cpu = 00:00:18 ; elapsed = 00:00:15 . Memory (MB): peak = 1009.969 ; gain = 44.496

Phase 2.2 Pre Route Cleanup
Phase 2.2 Pre Route Cleanup | Checksum: ad6b4092

Time (s): cpu = 00:00:18 ; elapsed = 00:00:15 . Memory (MB): peak = 1016.352 ; gain = 50.879
 Number of Nodes with overlaps = 0

Phase 2.3 Update Timing
Phase 2.3 Update Timing | Checksum: 26f95d720

Time (s): cpu = 00:00:19 ; elapsed = 00:00:16 . Memory (MB): peak = 1024.246 ; gain = 58.773
INFO: [Route 35-57] Estimated Timing Summary | WNS=3.033  | TNS=0.000  | WHS=-0.332 | THS=-47.730|

Phase 2 Router Initialization | Checksum: 21b853b9b

Time (s): cpu = 00:00:20 ; elapsed = 00:00:17 . Memory (MB): peak = 1025.133 ; gain = 59.660

Phase 3 Initial Routing
Phase 3 Initial Routing | Checksum: 113e1a5e7

Time (s): cpu = 00:00:20 ; elapsed = 00:00:17 . Memory (MB): peak = 1025.133 ; gain = 59.660

Phase 4 Rip-up And Reroute

Phase 4.1 Global Iteration 0
 Number of Nodes with overlaps = 375
 Number of Nodes with overlaps = 10
 Number of Nodes with overlaps = 1
 Number of Nodes with overlaps = 0

Phase 4.1.1 Update Timing
Phase 4.1.1 Update Timing | Checksum: 1f8e09de3

Time (s): cpu = 00:00:22 ; elapsed = 00:00:18 . Memory (MB): peak = 1025.133 ; gain = 59.660
INFO: [Route 35-57] Estimated Timing Summary | WNS=2.824  | TNS=0.000  | WHS=N/A    | THS=N/A    |

Phase 4.1 Global Iteration 0 | Checksum: 2112fe515

Time (s): cpu = 00:00:22 ; elapsed = 00:00:18 . Memory (MB): peak = 1025.133 ; gain = 59.660

Phase 4.2 Global Iteration 1
 Number of Nodes with overlaps = 1
 Number of Nodes with overlaps = 0

Phase 4.2.1 Update Timing
Phase 4.2.1 Update Timing | Checksum: 245cf50be

Time (s): cpu = 00:00:23 ; elapsed = 00:00:18 . Memory (MB): peak = 1025.133 ; gain = 59.660
INFO: [Route 35-57] Estimated Timing Summary | WNS=2.824  | TNS=0.000  | WHS=N/A    | THS=N/A    |

Phase 4.2 Global Iteration 1 | Checksum: 1e3f54834

Time (s): cpu = 00:00:23 ; elapsed = 00:00:18 . Memory (MB): peak = 1025.133 ; gain = 59.660
Phase 4 Rip-up And Reroute | Checksum: 1e3f54834

Time (s): cpu = 00:00:23 ; elapsed = 00:00:18 . Memory (MB): peak = 1025.133 ; gain = 59.660

Phase 5 Delay and Skew Optimization

Phase 5.1 Delay CleanUp

Phase 5.1.1 Update Timing
Phase 5.1.1 Update Timing | Checksum: 20e845541

Time (s): cpu = 00:00:23 ; elapsed = 00:00:18 . Memory (MB): peak = 1025.133 ; gain = 59.660
INFO: [Route 35-57] Estimated Timing Summary | WNS=2.975  | TNS=0.000  | WHS=N/A    | THS=N/A    |

Phase 5.1 Delay CleanUp | Checksum: 20e845541

Time (s): cpu = 00:00:23 ; elapsed = 00:00:18 . Memory (MB): peak = 1025.133 ; gain = 59.660

Phase 5.2 Clock Skew Optimization
Phase 5.2 Clock Skew Optimization | Checksum: 20e845541

Time (s): cpu = 00:00:23 ; elapsed = 00:00:18 . Memory (MB): peak = 1025.133 ; gain = 59.660
Phase 5 Delay and Skew Optimization | Checksum: 20e845541

Time (s): cpu = 00:00:23 ; elapsed = 00:00:18 . Memory (MB): peak = 1025.133 ; gain = 59.660

Phase 6 Post Hold Fix

Phase 6.1 Update Timing
Phase 6.1 Update Timing | Checksum: 1f317c086

Time (s): cpu = 00:00:23 ; elapsed = 00:00:19 . Memory (MB): peak = 1025.133 ; gain = 59.660
INFO: [Route 35-57] Estimated Timing Summary | WNS=2.975  | TNS=0.000  | WHS=0.026  | THS=0.000  |

Phase 6 Post Hold Fix | Checksum: 16b6214ec

Time (s): cpu = 00:00:23 ; elapsed = 00:00:19 . Memory (MB): peak = 1025.133 ; gain = 59.660

Phase 7 Route finalize

Router Utilization Summary
  Global Vertical Routing Utilization    = 1.46382 %
  Global Horizontal Routing Utilization  = 1.63695 %
  Routable Net Status*
  *Does not include unroutable nets such as driverless and loadless.
  Run report_route_status for detailed report.
  Number of Failed Nets               = 0
  Number of Unrouted Nets             = 0
  Number of Partially Routed Nets     = 0
  Number of Node Overlaps             = 0

Phase 7 Route finalize | Checksum: 1cea7d9b4

Time (s): cpu = 00:00:23 ; elapsed = 00:00:19 . Memory (MB): peak = 1025.133 ; gain = 59.660

Phase 8 Verifying routed nets

 Verification completed successfully
Phase 8 Verifying routed nets | Checksum: 1cea7d9b4

Time (s): cpu = 00:00:23 ; elapsed = 00:00:19 . Memory (MB): peak = 1025.207 ; gain = 59.734

Phase 9 Depositing Routes
Phase 9 Depositing Routes | Checksum: 19a9b3414

Time (s): cpu = 00:00:24 ; elapsed = 00:00:19 . Memory (MB): peak = 1025.207 ; gain = 59.734

Phase 10 Post Router Timing
INFO: [Route 35-57] Estimated Timing Summary | WNS=2.975  | TNS=0.000  | WHS=0.026  | THS=0.000  |

INFO: [Route 35-327] The final timing numbers are based on the router estimated timing analysis. For a complete and accurate timing signoff, please run report_timing_summary.
Phase 10 Post Router Timing | Checksum: 19a9b3414

Time (s): cpu = 00:00:24 ; elapsed = 00:00:19 . Memory (MB): peak = 1025.207 ; gain = 59.734
INFO: [Route 35-16] Router Completed Successfully

Time (s): cpu = 00:00:24 ; elapsed = 00:00:19 . Memory (MB): peak = 1025.207 ; gain = 59.734

Routing Is Done.
INFO: [Common 17-83] Releasing license: Implementation
51 Infos, 0 Warnings, 8 Critical Warnings and 0 Errors encountered.
route_design completed successfully
route_design: Time (s): cpu = 00:00:25 ; elapsed = 00:00:20 . Memory (MB): peak = 1025.207 ; gain = 59.734
Writing placer database...
Writing XDEF routing.
Writing XDEF routing logical nets.
Writing XDEF routing special nets.
Write XDEF Complete: Time (s): cpu = 00:00:01 ; elapsed = 00:00:00.547 . Memory (MB): peak = 1025.207 ; gain = 0.000
INFO: [DRC 23-27] Running DRC with 2 threads
INFO: [Coretcl 2-168] The results of DRC are in file C:/xup/embedded/2015_2_zynq_labs/lab5/lab5.runs/impl_1/system_wrapper_drc_routed.rpt.
INFO: [Timing 38-91] UpdateTimingParams: Speed grade: -1, Delay Type: min_max.
INFO: [Timing 38-191] Multithreading enabled for timing update using a maximum of 2 CPUs
Running Vector-less Activity Propagation...

Finished Running Vector-less Activity Propagation
INFO: [Common 17-206] Exiting Vivado at Thu Dec 14 10:00:57 2017...
