14:03:11 INFO  : Launching XSDB server: xsdb.bat -s C:/Xilinx/SDK/2015.2/scripts/xsdb/xsdb/xsdb-server.tcl
14:03:13 INFO  : XSDB server has started successfully.
14:03:13 INFO  : Processing command line option -hwspec C:/xup/embedded/2015_2_zynq_labs/lab1/lab1.sdk/system_wrapper.hdf.
14:12:47 INFO  : ps7_init is completed.
14:12:48 INFO  : Processor reset is completed for ps7_cortexa9_0
14:14:59 ERROR : Unexpected error while parsing XMD response ?: com.google.gson.JsonSyntaxException: com.google.gson.stream.MalformedJsonException: invalid number or unquoted string near 
13:19:51 INFO  : Launching XSDB server: xsdb.bat -s C:/Xilinx/SDK/2015.2/scripts/xsdb/xsdb/xsdb-server.tcl
13:19:53 INFO  : XSDB server has started successfully.
13:19:56 INFO  : Processing command line option -hwspec C:/xup/embedded/2015_2_zynq_labs/lab2/lab2.sdk/system_wrapper.hdf.
13:23:27 INFO  : BSP Project P/standalone_bsp_0 has been successfully migrated.
13:43:03 INFO  : Connected to target on host '127.0.0.1' and port '3121'.
13:43:03 INFO  : 'targets -set -filter {jtag_cable_name =~ "Digilent Zybo 210279758556A" && level==0} -index 1' command is executed.
13:43:04 INFO  : FPGA configured successfully with bitstream "C:/xup/embedded/2015_2_zynq_labs/lab2/lab2.sdk/system_wrapper_hw_platform_1/system_wrapper.bit"
13:43:40 INFO  : ps7_init is completed.
13:43:40 INFO  : ps7_post_config is completed.
13:43:40 INFO  : Processor reset is completed for ps7_cortexa9_0
13:59:29 INFO  : Processor reset is completed for ps7_cortexa9_0
14:05:35 ERROR : Unexpected error while parsing XMD response ?: com.google.gson.JsonSyntaxException: com.google.gson.stream.MalformedJsonException: invalid number or unquoted string near 
22:44:20 INFO  : Launching XSDB server: xsdb.bat -s C:/Xilinx/SDK/2015.2/scripts/xsdb/xsdb/xsdb-server.tcl
22:44:22 INFO  : XSDB server has started successfully.
22:44:23 INFO  : Processing command line option -hwspec C:/xup/embedded/2015_2_zynq_labs/lab2/lab2.sdk/system_wrapper.hdf.
22:44:25 INFO  : Checking for hwspec changes in the project system_wrapper_hw_platform_1.
