14:03:11 INFO  : Launching XSDB server: xsdb.bat -s C:/Xilinx/SDK/2015.2/scripts/xsdb/xsdb/xsdb-server.tcl
14:03:13 INFO  : XSDB server has started successfully.
14:03:13 INFO  : Processing command line option -hwspec C:/xup/embedded/2015_2_zynq_labs/lab1/lab1.sdk/system_wrapper.hdf.
14:12:47 INFO  : ps7_init is completed.
14:12:48 INFO  : Processor reset is completed for ps7_cortexa9_0
14:14:59 ERROR : Unexpected error while parsing XMD response ?: com.google.gson.JsonSyntaxException: com.google.gson.stream.MalformedJsonException: invalid number or unquoted string near 
13:19:51 INFO  : Launching XSDB server: xsdb.bat -s C:/Xilinx/SDK/2015.2/scripts/xsdb/xsdb/xsdb-server.tcl
13:19:53 INFO  : XSDB server has started successfully.
13:19:56 INFO  : Processing command line option -hwspec C:/xup/embedded/2015_2_zynq_labs/lab2/lab2.sdk/system_wrapper.hdf.
13:23:27 INFO  : BSP Project P/standalone_bsp_0 has been successfully migrated.
13:43:03 INFO  : Connected to target on host '127.0.0.1' and port '3121'.
13:43:03 INFO  : 'targets -set -filter {jtag_cable_name =~ "Digilent Zybo 210279758556A" && level==0} -index 1' command is executed.
13:43:04 INFO  : FPGA configured successfully with bitstream "C:/xup/embedded/2015_2_zynq_labs/lab2/lab2.sdk/system_wrapper_hw_platform_1/system_wrapper.bit"
13:43:40 INFO  : ps7_init is completed.
13:43:40 INFO  : ps7_post_config is completed.
13:43:40 INFO  : Processor reset is completed for ps7_cortexa9_0
13:59:29 INFO  : Processor reset is completed for ps7_cortexa9_0
14:05:35 ERROR : Unexpected error while parsing XMD response ?: com.google.gson.JsonSyntaxException: com.google.gson.stream.MalformedJsonException: invalid number or unquoted string near 
22:44:20 INFO  : Launching XSDB server: xsdb.bat -s C:/Xilinx/SDK/2015.2/scripts/xsdb/xsdb/xsdb-server.tcl
22:44:22 INFO  : XSDB server has started successfully.
22:44:23 INFO  : Processing command line option -hwspec C:/xup/embedded/2015_2_zynq_labs/lab2/lab2.sdk/system_wrapper.hdf.
22:44:25 INFO  : Checking for hwspec changes in the project system_wrapper_hw_platform_1.
13:36:16 INFO  : Launching XSDB server: xsdb.bat -s C:/Xilinx/SDK/2015.2/scripts/xsdb/xsdb/xsdb-server.tcl
13:36:17 INFO  : XSDB server has started successfully.
13:36:24 INFO  : Processing command line option -hwspec C:/xup/embedded/2015_2_zynq_labs/lab4/lab4.sdk/system_wrapper.hdf.
13:52:13 INFO  : No changes in MSS file content so not generating sources.
14:04:54 INFO  : Connected to target on host '127.0.0.1' and port '3121'.
14:04:54 INFO  : 'targets -set -filter {jtag_cable_name =~ "Digilent Zybo 210279758556A" && level==0} -index 1' command is executed.
14:04:55 INFO  : FPGA configured successfully with bitstream "C:/xup/embedded/2015_2_zynq_labs/lab4/lab4.sdk/system_wrapper_hw_platform_2/system_wrapper.bit"
14:05:14 INFO  : ps7_init is completed.
14:05:14 INFO  : ps7_post_config is completed.
14:05:14 INFO  : Processor reset is completed for ps7_cortexa9_0
14:05:48 INFO  : ps7_cortexa9_0 Processor is in use. Please stop existing Run or Debug sessions before launching.
14:09:34 INFO  : Connected to target on host '127.0.0.1' and port '3121'.
14:09:34 INFO  : 'targets -set -filter {jtag_cable_name =~ "Digilent Zybo 210279758556A" && level==0} -index 1' command is executed.
14:09:35 INFO  : FPGA configured successfully with bitstream "C:/xup/embedded/2015_2_zynq_labs/lab4/lab4.sdk/system_wrapper_hw_platform_2/system_wrapper.bit"
14:09:50 INFO  : ps7_init is completed.
14:09:50 INFO  : ps7_post_config is completed.
14:09:50 INFO  : Processor reset is completed for ps7_cortexa9_0
14:10:35 INFO  : Inferring section assignments and sizes from elf file: C:\xup\embedded\2015_2_zynq_labs\lab4\lab4.sdk\lab4\Debug\lab4.elf
14:11:15 INFO  : Successfully generated C:\xup\embedded\2015_2_zynq_labs\lab4\lab4.sdk\lab4\src\lscript.ld.
14:11:15 INFO  : Applying linker script to all configurations of project lab4.
14:11:15 INFO  : Setting rebuild state to true for all configurations of project lab4.
14:11:47 INFO  : ps7_cortexa9_0 Processor is in use. Please stop existing Run or Debug sessions before launching.
14:11:52 INFO  : Processor reset is completed for ps7_cortexa9_0
14:12:54 INFO  : Inferring section assignments and sizes from elf file: C:\xup\embedded\2015_2_zynq_labs\lab4\lab4.sdk\lab4\Debug\lab4.elf
14:13:04 INFO  : Successfully generated C:\xup\embedded\2015_2_zynq_labs\lab4\lab4.sdk\lab4\src\lscript.ld.
14:13:04 INFO  : Applying linker script to all configurations of project lab4.
14:13:04 INFO  : Setting rebuild state to true for all configurations of project lab4.
14:14:40 INFO  : Successfully generated C:\xup\embedded\2015_2_zynq_labs\lab4\lab4.sdk\lab4\src\lscript.ld.
14:14:40 INFO  : Applying linker script to all configurations of project lab4.
14:14:40 INFO  : Setting rebuild state to true for all configurations of project lab4.
14:15:34 INFO  : Connected to target on host '127.0.0.1' and port '3121'.
14:15:34 INFO  : 'targets -set -filter {jtag_cable_name =~ "Digilent Zybo 210279758556A" && level==0} -index 1' command is executed.
14:15:36 INFO  : FPGA configured successfully with bitstream "C:/xup/embedded/2015_2_zynq_labs/lab4/lab4.sdk/system_wrapper_hw_platform_2/system_wrapper.bit"
14:15:52 INFO  : Connected to target on host '127.0.0.1' and port '3121'.
14:15:53 INFO  : 'targets -set -filter {jtag_cable_name =~ "Digilent Zybo 210279758556A" && level==0} -index 1' command is executed.
14:15:54 INFO  : FPGA configured successfully with bitstream "C:/xup/embedded/2015_2_zynq_labs/lab4/lab4.sdk/system_wrapper_hw_platform_2/system_wrapper.bit"
14:18:17 INFO  : Connected to target on host '127.0.0.1' and port '3121'.
14:18:17 INFO  : 'targets -set -filter {jtag_cable_name =~ "Digilent Zybo 210279758556A" && level==0} -index 1' command is executed.
14:18:18 INFO  : FPGA configured successfully with bitstream "C:/xup/embedded/2015_2_zynq_labs/lab4/lab4.sdk/system_wrapper_hw_platform_2/system_wrapper.bit"
14:19:53 INFO  : Successfully generated C:\xup\embedded\2015_2_zynq_labs\lab4\lab4.sdk\lab4\src\lscript.ld.
14:19:53 INFO  : Applying linker script to all configurations of project lab4.
14:19:53 INFO  : Setting rebuild state to true for all configurations of project lab4.
14:20:12 INFO  : Inferring section assignments and sizes from elf file: C:\xup\embedded\2015_2_zynq_labs\lab4\lab4.sdk\lab4\Debug\lab4.elf
14:20:21 INFO  : Successfully generated C:\xup\embedded\2015_2_zynq_labs\lab4\lab4.sdk\lab4\src\lscript.ld.
14:20:21 INFO  : Applying linker script to all configurations of project lab4.
14:20:21 INFO  : Setting rebuild state to true for all configurations of project lab4.
14:42:58 INFO  : Successfully generated C:\xup\embedded\2015_2_zynq_labs\lab4\lab4.sdk\lab4\src\lscript.ld.
14:42:58 INFO  : Applying linker script to all configurations of project lab4.
14:42:58 INFO  : Setting rebuild state to true for all configurations of project lab4.
15:28:41 INFO  : Successfully generated C:\xup\embedded\2015_2_zynq_labs\lab4\lab4.sdk\lab4\src\lscript.ld.
15:28:41 INFO  : Applying linker script to all configurations of project lab4.
15:28:41 INFO  : Setting rebuild state to true for all configurations of project lab4.
15:30:52 INFO  : Connected to target on host '127.0.0.1' and port '3121'.
15:30:52 INFO  : 'targets -set -filter {jtag_cable_name =~ "Digilent Zybo 210279758556A" && level==0} -index 1' command is executed.
15:30:53 INFO  : FPGA configured successfully with bitstream "C:/xup/embedded/2015_2_zynq_labs/lab4/lab4.sdk/system_wrapper_hw_platform_2/system_wrapper.bit"
15:31:03 INFO  : ps7_init is completed.
15:31:04 INFO  : ps7_post_config is completed.
15:31:04 INFO  : Processor reset is completed for ps7_cortexa9_0
15:31:25 INFO  : Inferring section assignments and sizes from elf file: C:\xup\embedded\2015_2_zynq_labs\lab4\lab4.sdk\lab4\Debug\lab4.elf
18:06:16 ERROR : Unexpected error while parsing XMD response ?: com.google.gson.JsonSyntaxException: com.google.gson.stream.MalformedJsonException: invalid number or unquoted string near 
12:02:01 INFO  : Launching XSDB server: xsdb.bat -s C:/Xilinx/SDK/2015.2/scripts/xsdb/xsdb/xsdb-server.tcl
12:02:02 INFO  : Processing command line option -hwspec C:/xup/embedded/2015_2_zynq_labs/lab4/lab4.sdk/system_wrapper.hdf.
12:02:03 INFO  : Checking for hwspec changes in the project system_wrapper_hw_platform_2.
12:02:03 INFO  : XSDB server has started successfully.
12:02:34 INFO  : Inferring section assignments and sizes from elf file: C:\xup\embedded\2015_2_zynq_labs\lab4\lab4.sdk\lab4\Debug\lab4.elf
