12:30:26 INFO  : Launching XSDB server: xsdb.bat -s C:/Xilinx/SDK/2015.2/scripts/xsdb/xsdb/xsdb-server.tcl
12:30:27 INFO  : Processing command line option -hwspec C:/xup/embedded/zynq_interrupts/zynq_interrupts.sdk/zynq_interupt_system_wrapper.hdf.
12:30:28 INFO  : XSDB server has started successfully.
12:49:07 INFO  : Connected to target on host '127.0.0.1' and port '3121'.
12:49:07 INFO  : 'targets -set -filter {jtag_cable_name =~ "Digilent Zybo 210279758556A" && level==0} -index 1' command is executed.
12:49:08 INFO  : FPGA configured successfully with bitstream "C:/xup/embedded/zynq_interrupts/zynq_interrupts.sdk/zynq_interupt_system_wrapper_hw_platform_0/zynq_interupt_system_wrapper.bit"
12:49:37 INFO  : ps7_init is completed.
12:49:37 INFO  : ps7_post_config is completed.
12:49:37 INFO  : Processor reset is completed for ps7_cortexa9_0
12:51:27 INFO  : ps7_cortexa9_0 Processor is in use. Please stop existing Run or Debug sessions before launching.
12:51:29 INFO  : Processor reset is completed for ps7_cortexa9_0
19:18:26 ERROR : Unexpected error while parsing XMD response ?: com.google.gson.JsonSyntaxException: com.google.gson.stream.MalformedJsonException: invalid number or unquoted string near 
23:43:39 INFO  : Launching XSDB server: xsdb.bat -s C:/Xilinx/SDK/2015.2/scripts/xsdb/xsdb/xsdb-server.tcl
23:43:40 INFO  : XSDB server has started successfully.
23:43:41 INFO  : Processing command line option -hwspec C:/xup/embedded/zynq_interrupts/zynq_interrupts.sdk/zynq_interupt_system_wrapper.hdf.
23:43:42 INFO  : Checking for hwspec changes in the project zynq_interupt_system_wrapper_hw_platform_0.
23:43:44 INFO  : SDK has detected change in the last modified timestamps for source hardware specification file Source:1515991363442,  Project:1515950930789
23:43:44 INFO  : The hardware specification for project 'zynq_interupt_system_wrapper_hw_platform_0' is different from C:/xup/embedded/zynq_interrupts/zynq_interrupts.sdk/zynq_interupt_system_wrapper.hdf.
23:43:44 INFO  : Copied contents of C:/xup/embedded/zynq_interrupts/zynq_interrupts.sdk/zynq_interupt_system_wrapper.hdf into \zynq_interupt_system_wrapper_hw_platform_0\system.hdf.
23:43:48 INFO  : Synchronizing projects in the workspace with the hardware platform specification changes.
23:43:50 INFO  : 
23:43:51 INFO  : Updating hardware inferred compiler options for interruot_counter.
23:43:51 INFO  : Clearing existing target manager status.
23:43:51 WARN  : Unable to obtain port 2350 for use by XMD, java.net.SocketException: Unrecognized Windows Sockets error: 0: JVM_Bind
23:47:04 INFO  : Connected to target on host '127.0.0.1' and port '3121'.
23:47:04 INFO  : 'targets -set -filter {jtag_cable_name =~ "Digilent Zybo 210279758556A" && level==0} -index 1' command is executed.
23:47:06 INFO  : FPGA configured successfully with bitstream "C:/xup/embedded/zynq_interrupts/zynq_interrupts.sdk/zynq_interupt_system_wrapper_hw_platform_0/zynq_interupt_system_wrapper.bit"
23:47:23 INFO  : ps7_init is completed.
23:47:23 INFO  : ps7_post_config is completed.
23:47:23 INFO  : Processor reset is completed for ps7_cortexa9_0
23:54:10 INFO  : ps7_cortexa9_0 Processor is in use. Please stop existing Run or Debug sessions before launching.
23:54:13 INFO  : Processor reset is completed for ps7_cortexa9_0
23:58:48 INFO  : ps7_cortexa9_0 Processor is in use. Please stop existing Run or Debug sessions before launching.
23:58:50 INFO  : Processor reset is completed for ps7_cortexa9_0
00:00:02 INFO  : ps7_cortexa9_0 Processor is in use. Please stop existing Run or Debug sessions before launching.
00:00:04 INFO  : Processor reset is completed for ps7_cortexa9_0
00:01:14 INFO  : ps7_cortexa9_0 Processor is in use. Please stop existing Run or Debug sessions before launching.
00:01:16 INFO  : Processor reset is completed for ps7_cortexa9_0
00:03:30 INFO  : ps7_cortexa9_0 Processor is in use. Please stop existing Run or Debug sessions before launching.
00:03:32 INFO  : Processor reset is completed for ps7_cortexa9_0
00:04:57 INFO  : ps7_cortexa9_0 Processor is in use. Please stop existing Run or Debug sessions before launching.
00:04:59 INFO  : Processor reset is completed for ps7_cortexa9_0
00:06:34 INFO  : ps7_cortexa9_0 Processor is in use. Please stop existing Run or Debug sessions before launching.
00:06:35 INFO  : Processor reset is completed for ps7_cortexa9_0
00:06:53 ERROR : Unexpected error while parsing XMD response ?: com.google.gson.JsonSyntaxException: com.google.gson.stream.MalformedJsonException: invalid number or unquoted string near 
11:52:32 INFO  : Launching XSDB server: xsdb.bat -s C:/Xilinx/SDK/2015.2/scripts/xsdb/xsdb/xsdb-server.tcl
11:52:33 INFO  : XSDB server has started successfully.
11:52:34 INFO  : Processing command line option -hwspec C:/xup/embedded/zynq_interrupts/zynq_interrupts.sdk/zynq_interupt_system_wrapper.hdf.
11:52:35 INFO  : Checking for hwspec changes in the project zynq_interupt_system_wrapper_hw_platform_0.
12:02:12 INFO  : Connected to target on host '127.0.0.1' and port '3121'.
12:02:12 INFO  : 'targets -set -filter {jtag_cable_name =~ "Digilent Zybo 210279758556A" && level==0} -index 1' command is executed.
12:02:13 INFO  : FPGA configured successfully with bitstream "C:/xup/embedded/zynq_interrupts/zynq_interrupts.sdk/zynq_interupt_system_wrapper_hw_platform_0/zynq_interupt_system_wrapper.bit"
12:02:27 INFO  : ps7_init is completed.
12:02:27 INFO  : ps7_post_config is completed.
12:02:28 INFO  : Processor reset is completed for ps7_cortexa9_0
12:03:48 INFO  : ps7_cortexa9_0 Processor is in use. Please stop existing Run or Debug sessions before launching.
12:03:50 INFO  : Processor reset is completed for ps7_cortexa9_0
12:05:15 INFO  : ps7_cortexa9_0 Processor is in use. Please stop existing Run or Debug sessions before launching.
12:05:17 INFO  : Processor reset is completed for ps7_cortexa9_0
12:06:04 INFO  : ps7_cortexa9_0 Processor is in use. Please stop existing Run or Debug sessions before launching.
12:06:06 INFO  : Processor reset is completed for ps7_cortexa9_0
14:07:43 INFO  : Connected to target on host '127.0.0.1' and port '3121'.
14:07:43 INFO  : 'targets -set -filter {jtag_cable_name =~ "Digilent Zybo 210279758556A" && level==0} -index 1' command is executed.
14:07:44 INFO  : FPGA configured successfully with bitstream "C:/xup/embedded/zynq_interrupts/zynq_interrupts.sdk/zynq_interupt_system_wrapper_hw_platform_0/zynq_interupt_system_wrapper.bit"
14:08:32 INFO  : ps7_init is completed.
14:08:32 INFO  : ps7_post_config is completed.
14:08:33 INFO  : Processor reset is completed for ps7_cortexa9_0
14:36:39 INFO  : ps7_cortexa9_0 Processor is in use. Please stop existing Run or Debug sessions before launching.
14:36:40 INFO  : Processor reset is completed for ps7_cortexa9_0
14:42:26 INFO  : ps7_cortexa9_0 Processor is in use. Please stop existing Run or Debug sessions before launching.
14:42:27 INFO  : Processor reset is completed for ps7_cortexa9_0
14:43:39 INFO  : Connected to target on host '127.0.0.1' and port '3121'.
14:43:39 INFO  : 'targets -set -filter {jtag_cable_name =~ "Digilent Zybo 210279758556A" && level==0} -index 1' command is executed.
14:43:40 INFO  : FPGA configured successfully with bitstream "C:/xup/embedded/zynq_interrupts/zynq_interrupts.sdk/zynq_interupt_system_wrapper_hw_platform_0/zynq_interupt_system_wrapper.bit"
14:43:49 INFO  : ps7_init is completed.
14:43:49 INFO  : ps7_post_config is completed.
14:43:49 INFO  : Processor reset is completed for ps7_cortexa9_0
00:55:57 ERROR : Unexpected error while parsing XMD response ?: com.google.gson.JsonSyntaxException: com.google.gson.stream.MalformedJsonException: invalid number or unquoted string near 
